执行日期：2015-07-10 19:13:09
【接收到的notify通知】:
<xml><appid><![CDATA[wx44df58ebfcd5ea71]]></appid>
<bank_type><![CDATA[CFT]]></bank_type>
<cash_fee><![CDATA[990]]></cash_fee>
<fee_type><![CDATA[CNY]]></fee_type>
<is_subscribe><![CDATA[Y]]></is_subscribe>
<mch_id><![CDATA[1247030201]]></mch_id>
<nonce_str><![CDATA[22gq2pk3bi823gw8eq60ysr8dhdmy1yt]]></nonce_str>
<openid><![CDATA[oO5v0ssFZ3tfCRbQuj6_XIgZ3AWs]]></openid>
<out_trade_no><![CDATA[wx44df58ebfcd5ea71189]]></out_trade_no>
<result_code><![CDATA[SUCCESS]]></result_code>
<return_code><![CDATA[SUCCESS]]></return_code>
<sign><![CDATA[5E3FA9D4E1A186FCC39DC331A1524936]]></sign>
<time_end><![CDATA[20150710191309]]></time_end>
<total_fee>990</total_fee>
<trade_type><![CDATA[JSAPI]]></trade_type>
<transaction_id><![CDATA[1006790003201507100382337656]]></transaction_id>
</xml>


执行日期：2015-07-10 19:13:09
支付情况：支付成功
微信订单号：wx44df58ebfcd5ea71189
OpenId:oO5v0ssFZ3tfCRbQuj6_XIgZ3AWs
是否关注公众账号:Y(Y-关注，N-未关注)
交易类型:JSAPI
付款银行:CFT
支付完成时间:20150710191309
修改订单状态失败。

执行日期：2015-07-10 19:13:21
【接收到的notify通知】:
<xml><appid><![CDATA[wx44df58ebfcd5ea71]]></appid>
<bank_type><![CDATA[CFT]]></bank_type>
<cash_fee><![CDATA[990]]></cash_fee>
<fee_type><![CDATA[CNY]]></fee_type>
<is_subscribe><![CDATA[Y]]></is_subscribe>
<mch_id><![CDATA[1247030201]]></mch_id>
<nonce_str><![CDATA[22gq2pk3bi823gw8eq60ysr8dhdmy1yt]]></nonce_str>
<openid><![CDATA[oO5v0ssFZ3tfCRbQuj6_XIgZ3AWs]]></openid>
<out_trade_no><![CDATA[wx44df58ebfcd5ea71189]]></out_trade_no>
<result_code><![CDATA[SUCCESS]]></result_code>
<return_code><![CDATA[SUCCESS]]></return_code>
<sign><![CDATA[5E3FA9D4E1A186FCC39DC331A1524936]]></sign>
<time_end><![CDATA[20150710191309]]></time_end>
<total_fee>990</total_fee>
<trade_type><![CDATA[JSAPI]]></trade_type>
<transaction_id><![CDATA[1006790003201507100382337656]]></transaction_id>
</xml>


执行日期：2015-07-10 19:13:21
支付情况：支付成功
微信订单号：wx44df58ebfcd5ea71189
OpenId:oO5v0ssFZ3tfCRbQuj6_XIgZ3AWs
是否关注公众账号:Y(Y-关注，N-未关注)
交易类型:JSAPI
付款银行:CFT
支付完成时间:20150710191309
修改订单状态失败。

执行日期：2015-07-10 19:13:38
【接收到的notify通知】:
<xml><appid><![CDATA[wx44df58ebfcd5ea71]]></appid>
<bank_type><![CDATA[CFT]]></bank_type>
<cash_fee><![CDATA[990]]></cash_fee>
<fee_type><![CDATA[CNY]]></fee_type>
<is_subscribe><![CDATA[Y]]></is_subscribe>
<mch_id><![CDATA[1247030201]]></mch_id>
<nonce_str><![CDATA[22gq2pk3bi823gw8eq60ysr8dhdmy1yt]]></nonce_str>
<openid><![CDATA[oO5v0ssFZ3tfCRbQuj6_XIgZ3AWs]]></openid>
<out_trade_no><![CDATA[wx44df58ebfcd5ea71189]]></out_trade_no>
<result_code><![CDATA[SUCCESS]]></result_code>
<return_code><![CDATA[SUCCESS]]></return_code>
<sign><![CDATA[5E3FA9D4E1A186FCC39DC331A1524936]]></sign>
<time_end><![CDATA[20150710191309]]></time_end>
<total_fee>990</total_fee>
<trade_type><![CDATA[JSAPI]]></trade_type>
<transaction_id><![CDATA[1006790003201507100382337656]]></transaction_id>
</xml>


执行日期：2015-07-10 19:13:38
支付情况：支付成功
微信订单号：wx44df58ebfcd5ea71189
OpenId:oO5v0ssFZ3tfCRbQuj6_XIgZ3AWs
是否关注公众账号:Y(Y-关注，N-未关注)
交易类型:JSAPI
付款银行:CFT
支付完成时间:20150710191309
修改订单状态失败。

执行日期：2015-07-10 19:14:10
【接收到的notify通知】:
<xml><appid><![CDATA[wx44df58ebfcd5ea71]]></appid>
<bank_type><![CDATA[CFT]]></bank_type>
<cash_fee><![CDATA[990]]></cash_fee>
<fee_type><![CDATA[CNY]]></fee_type>
<is_subscribe><![CDATA[Y]]></is_subscribe>
<mch_id><![CDATA[1247030201]]></mch_id>
<nonce_str><![CDATA[22gq2pk3bi823gw8eq60ysr8dhdmy1yt]]></nonce_str>
<openid><![CDATA[oO5v0ssFZ3tfCRbQuj6_XIgZ3AWs]]></openid>
<out_trade_no><![CDATA[wx44df58ebfcd5ea71189]]></out_trade_no>
<result_code><![CDATA[SUCCESS]]></result_code>
<return_code><![CDATA[SUCCESS]]></return_code>
<sign><![CDATA[5E3FA9D4E1A186FCC39DC331A1524936]]></sign>
<time_end><![CDATA[20150710191309]]></time_end>
<total_fee>990</total_fee>
<trade_type><![CDATA[JSAPI]]></trade_type>
<transaction_id><![CDATA[1006790003201507100382337656]]></transaction_id>
</xml>


执行日期：2015-07-10 19:14:10
支付情况：支付成功
微信订单号：wx44df58ebfcd5ea71189
OpenId:oO5v0ssFZ3tfCRbQuj6_XIgZ3AWs
是否关注公众账号:Y(Y-关注，N-未关注)
交易类型:JSAPI
付款银行:CFT
支付完成时间:20150710191309
修改订单状态失败。

执行日期：2015-07-10 19:17:12
【接收到的notify通知】:
<xml><appid><![CDATA[wx44df58ebfcd5ea71]]></appid>
<bank_type><![CDATA[CFT]]></bank_type>
<cash_fee><![CDATA[990]]></cash_fee>
<fee_type><![CDATA[CNY]]></fee_type>
<is_subscribe><![CDATA[Y]]></is_subscribe>
<mch_id><![CDATA[1247030201]]></mch_id>
<nonce_str><![CDATA[22gq2pk3bi823gw8eq60ysr8dhdmy1yt]]></nonce_str>
<openid><![CDATA[oO5v0ssFZ3tfCRbQuj6_XIgZ3AWs]]></openid>
<out_trade_no><![CDATA[wx44df58ebfcd5ea71189]]></out_trade_no>
<result_code><![CDATA[SUCCESS]]></result_code>
<return_code><![CDATA[SUCCESS]]></return_code>
<sign><![CDATA[5E3FA9D4E1A186FCC39DC331A1524936]]></sign>
<time_end><![CDATA[20150710191309]]></time_end>
<total_fee>990</total_fee>
<trade_type><![CDATA[JSAPI]]></trade_type>
<transaction_id><![CDATA[1006790003201507100382337656]]></transaction_id>
</xml>


执行日期：2015-07-10 19:17:12
支付情况：支付成功
微信订单号：wx44df58ebfcd5ea71189
OpenId:oO5v0ssFZ3tfCRbQuj6_XIgZ3AWs
是否关注公众账号:Y(Y-关注，N-未关注)
交易类型:JSAPI
付款银行:CFT
支付完成时间:20150710191309
修改订单状态失败。

执行日期：2015-07-10 19:47:15
【接收到的notify通知】:
<xml><appid><![CDATA[wx44df58ebfcd5ea71]]></appid>
<bank_type><![CDATA[CFT]]></bank_type>
<cash_fee><![CDATA[990]]></cash_fee>
<fee_type><![CDATA[CNY]]></fee_type>
<is_subscribe><![CDATA[Y]]></is_subscribe>
<mch_id><![CDATA[1247030201]]></mch_id>
<nonce_str><![CDATA[22gq2pk3bi823gw8eq60ysr8dhdmy1yt]]></nonce_str>
<openid><![CDATA[oO5v0ssFZ3tfCRbQuj6_XIgZ3AWs]]></openid>
<out_trade_no><![CDATA[wx44df58ebfcd5ea71189]]></out_trade_no>
<result_code><![CDATA[SUCCESS]]></result_code>
<return_code><![CDATA[SUCCESS]]></return_code>
<sign><![CDATA[5E3FA9D4E1A186FCC39DC331A1524936]]></sign>
<time_end><![CDATA[20150710191309]]></time_end>
<total_fee>990</total_fee>
<trade_type><![CDATA[JSAPI]]></trade_type>
<transaction_id><![CDATA[1006790003201507100382337656]]></transaction_id>
</xml>


执行日期：2015-07-10 19:47:15
支付情况：支付成功
微信订单号：wx44df58ebfcd5ea71189
OpenId:oO5v0ssFZ3tfCRbQuj6_XIgZ3AWs
是否关注公众账号:Y(Y-关注，N-未关注)
交易类型:JSAPI
付款银行:CFT
支付完成时间:20150710191309
修改订单状态失败。

执行日期：2015-07-10 20:17:17
【接收到的notify通知】:
<xml><appid><![CDATA[wx44df58ebfcd5ea71]]></appid>
<bank_type><![CDATA[CFT]]></bank_type>
<cash_fee><![CDATA[990]]></cash_fee>
<fee_type><![CDATA[CNY]]></fee_type>
<is_subscribe><![CDATA[Y]]></is_subscribe>
<mch_id><![CDATA[1247030201]]></mch_id>
<nonce_str><![CDATA[22gq2pk3bi823gw8eq60ysr8dhdmy1yt]]></nonce_str>
<openid><![CDATA[oO5v0ssFZ3tfCRbQuj6_XIgZ3AWs]]></openid>
<out_trade_no><![CDATA[wx44df58ebfcd5ea71189]]></out_trade_no>
<result_code><![CDATA[SUCCESS]]></result_code>
<return_code><![CDATA[SUCCESS]]></return_code>
<sign><![CDATA[5E3FA9D4E1A186FCC39DC331A1524936]]></sign>
<time_end><![CDATA[20150710191309]]></time_end>
<total_fee>990</total_fee>
<trade_type><![CDATA[JSAPI]]></trade_type>
<transaction_id><![CDATA[1006790003201507100382337656]]></transaction_id>
</xml>


执行日期：2015-07-10 20:17:17
支付情况：支付成功
微信订单号：wx44df58ebfcd5ea71189
OpenId:oO5v0ssFZ3tfCRbQuj6_XIgZ3AWs
是否关注公众账号:Y(Y-关注，N-未关注)
交易类型:JSAPI
付款银行:CFT
支付完成时间:20150710191309
修改订单状态失败。

执行日期：2015-07-10 20:47:20
【接收到的notify通知】:
<xml><appid><![CDATA[wx44df58ebfcd5ea71]]></appid>
<bank_type><![CDATA[CFT]]></bank_type>
<cash_fee><![CDATA[990]]></cash_fee>
<fee_type><![CDATA[CNY]]></fee_type>
<is_subscribe><![CDATA[Y]]></is_subscribe>
<mch_id><![CDATA[1247030201]]></mch_id>
<nonce_str><![CDATA[22gq2pk3bi823gw8eq60ysr8dhdmy1yt]]></nonce_str>
<openid><![CDATA[oO5v0ssFZ3tfCRbQuj6_XIgZ3AWs]]></openid>
<out_trade_no><![CDATA[wx44df58ebfcd5ea71189]]></out_trade_no>
<result_code><![CDATA[SUCCESS]]></result_code>
<return_code><![CDATA[SUCCESS]]></return_code>
<sign><![CDATA[5E3FA9D4E1A186FCC39DC331A1524936]]></sign>
<time_end><![CDATA[20150710191309]]></time_end>
<total_fee>990</total_fee>
<trade_type><![CDATA[JSAPI]]></trade_type>
<transaction_id><![CDATA[1006790003201507100382337656]]></transaction_id>
</xml>


执行日期：2015-07-10 20:47:20
支付情况：支付成功
微信订单号：wx44df58ebfcd5ea71189
OpenId:oO5v0ssFZ3tfCRbQuj6_XIgZ3AWs
是否关注公众账号:Y(Y-关注，N-未关注)
交易类型:JSAPI
付款银行:CFT
支付完成时间:20150710191309
修改订单状态失败。

执行日期：2015-07-10 21:17:24
【接收到的notify通知】:
<xml><appid><![CDATA[wx44df58ebfcd5ea71]]></appid>
<bank_type><![CDATA[CFT]]></bank_type>
<cash_fee><![CDATA[990]]></cash_fee>
<fee_type><![CDATA[CNY]]></fee_type>
<is_subscribe><![CDATA[Y]]></is_subscribe>
<mch_id><![CDATA[1247030201]]></mch_id>
<nonce_str><![CDATA[22gq2pk3bi823gw8eq60ysr8dhdmy1yt]]></nonce_str>
<openid><![CDATA[oO5v0ssFZ3tfCRbQuj6_XIgZ3AWs]]></openid>
<out_trade_no><![CDATA[wx44df58ebfcd5ea71189]]></out_trade_no>
<result_code><![CDATA[SUCCESS]]></result_code>
<return_code><![CDATA[SUCCESS]]></return_code>
<sign><![CDATA[5E3FA9D4E1A186FCC39DC331A1524936]]></sign>
<time_end><![CDATA[20150710191309]]></time_end>
<total_fee>990</total_fee>
<trade_type><![CDATA[JSAPI]]></trade_type>
<transaction_id><![CDATA[1006790003201507100382337656]]></transaction_id>
</xml>


执行日期：2015-07-10 21:17:24
支付情况：支付成功
微信订单号：wx44df58ebfcd5ea71189
OpenId:oO5v0ssFZ3tfCRbQuj6_XIgZ3AWs
是否关注公众账号:Y(Y-关注，N-未关注)
交易类型:JSAPI
付款银行:CFT
支付完成时间:20150710191309
修改订单状态失败。

执行日期：2015-07-10 22:17:27
【接收到的notify通知】:
<xml><appid><![CDATA[wx44df58ebfcd5ea71]]></appid>
<bank_type><![CDATA[CFT]]></bank_type>
<cash_fee><![CDATA[990]]></cash_fee>
<fee_type><![CDATA[CNY]]></fee_type>
<is_subscribe><![CDATA[Y]]></is_subscribe>
<mch_id><![CDATA[1247030201]]></mch_id>
<nonce_str><![CDATA[22gq2pk3bi823gw8eq60ysr8dhdmy1yt]]></nonce_str>
<openid><![CDATA[oO5v0ssFZ3tfCRbQuj6_XIgZ3AWs]]></openid>
<out_trade_no><![CDATA[wx44df58ebfcd5ea71189]]></out_trade_no>
<result_code><![CDATA[SUCCESS]]></result_code>
<return_code><![CDATA[SUCCESS]]></return_code>
<sign><![CDATA[5E3FA9D4E1A186FCC39DC331A1524936]]></sign>
<time_end><![CDATA[20150710191309]]></time_end>
<total_fee>990</total_fee>
<trade_type><![CDATA[JSAPI]]></trade_type>
<transaction_id><![CDATA[1006790003201507100382337656]]></transaction_id>
</xml>


执行日期：2015-07-10 22:17:27
支付情况：支付成功
微信订单号：wx44df58ebfcd5ea71189
OpenId:oO5v0ssFZ3tfCRbQuj6_XIgZ3AWs
是否关注公众账号:Y(Y-关注，N-未关注)
交易类型:JSAPI
付款银行:CFT
支付完成时间:20150710191309
修改订单状态失败。

执行日期：2015-07-17 20:58:27
【接收到的notify通知】:
<xml><appid><![CDATA[wx44df58ebfcd5ea71]]></appid>
<bank_type><![CDATA[CFT]]></bank_type>
<cash_fee><![CDATA[1]]></cash_fee>
<fee_type><![CDATA[CNY]]></fee_type>
<is_subscribe><![CDATA[Y]]></is_subscribe>
<mch_id><![CDATA[1247030201]]></mch_id>
<nonce_str><![CDATA[n98bkpux7rsv1n849b1q2hjgxw6u6o4c]]></nonce_str>
<openid><![CDATA[oO5v0skNwLD_z7O7HMEXcYqPJAYU]]></openid>
<out_trade_no><![CDATA[wx44df58ebfcd5ea71596]]></out_trade_no>
<result_code><![CDATA[SUCCESS]]></result_code>
<return_code><![CDATA[SUCCESS]]></return_code>
<sign><![CDATA[B93D639E8D9041672B02072774DDC137]]></sign>
<time_end><![CDATA[20150717205825]]></time_end>
<total_fee>1</total_fee>
<trade_type><![CDATA[JSAPI]]></trade_type>
<transaction_id><![CDATA[1006030003201507170425461833]]></transaction_id>
</xml>


执行日期：2015-07-17 20:58:27
支付情况：支付成功
微信订单号：wx44df58ebfcd5ea71596
OpenId:oO5v0skNwLD_z7O7HMEXcYqPJAYU
是否关注公众账号:Y(Y-关注，N-未关注)
交易类型:JSAPI
付款银行:CFT
支付完成时间:20150717205825
修改订单状态失败。

执行日期：2015-07-17 20:58:42
【接收到的notify通知】:
<xml><appid><![CDATA[wx44df58ebfcd5ea71]]></appid>
<bank_type><![CDATA[CFT]]></bank_type>
<cash_fee><![CDATA[1]]></cash_fee>
<fee_type><![CDATA[CNY]]></fee_type>
<is_subscribe><![CDATA[Y]]></is_subscribe>
<mch_id><![CDATA[1247030201]]></mch_id>
<nonce_str><![CDATA[n98bkpux7rsv1n849b1q2hjgxw6u6o4c]]></nonce_str>
<openid><![CDATA[oO5v0skNwLD_z7O7HMEXcYqPJAYU]]></openid>
<out_trade_no><![CDATA[wx44df58ebfcd5ea71596]]></out_trade_no>
<result_code><![CDATA[SUCCESS]]></result_code>
<return_code><![CDATA[SUCCESS]]></return_code>
<sign><![CDATA[B93D639E8D9041672B02072774DDC137]]></sign>
<time_end><![CDATA[20150717205825]]></time_end>
<total_fee>1</total_fee>
<trade_type><![CDATA[JSAPI]]></trade_type>
<transaction_id><![CDATA[1006030003201507170425461833]]></transaction_id>
</xml>


执行日期：2015-07-17 20:58:42
支付情况：支付成功
微信订单号：wx44df58ebfcd5ea71596
OpenId:oO5v0skNwLD_z7O7HMEXcYqPJAYU
是否关注公众账号:Y(Y-关注，N-未关注)
交易类型:JSAPI
付款银行:CFT
支付完成时间:20150717205825
修改订单状态失败。

执行日期：2015-07-17 20:58:58
【接收到的notify通知】:
<xml><appid><![CDATA[wx44df58ebfcd5ea71]]></appid>
<bank_type><![CDATA[CFT]]></bank_type>
<cash_fee><![CDATA[1]]></cash_fee>
<fee_type><![CDATA[CNY]]></fee_type>
<is_subscribe><![CDATA[Y]]></is_subscribe>
<mch_id><![CDATA[1247030201]]></mch_id>
<nonce_str><![CDATA[n98bkpux7rsv1n849b1q2hjgxw6u6o4c]]></nonce_str>
<openid><![CDATA[oO5v0skNwLD_z7O7HMEXcYqPJAYU]]></openid>
<out_trade_no><![CDATA[wx44df58ebfcd5ea71596]]></out_trade_no>
<result_code><![CDATA[SUCCESS]]></result_code>
<return_code><![CDATA[SUCCESS]]></return_code>
<sign><![CDATA[B93D639E8D9041672B02072774DDC137]]></sign>
<time_end><![CDATA[20150717205825]]></time_end>
<total_fee>1</total_fee>
<trade_type><![CDATA[JSAPI]]></trade_type>
<transaction_id><![CDATA[1006030003201507170425461833]]></transaction_id>
</xml>


执行日期：2015-07-17 20:58:58
支付情况：支付成功
微信订单号：wx44df58ebfcd5ea71596
OpenId:oO5v0skNwLD_z7O7HMEXcYqPJAYU
是否关注公众账号:Y(Y-关注，N-未关注)
交易类型:JSAPI
付款银行:CFT
支付完成时间:20150717205825
修改订单状态失败。

执行日期：2015-07-17 20:59:31
【接收到的notify通知】:
<xml><appid><![CDATA[wx44df58ebfcd5ea71]]></appid>
<bank_type><![CDATA[CFT]]></bank_type>
<cash_fee><![CDATA[1]]></cash_fee>
<fee_type><![CDATA[CNY]]></fee_type>
<is_subscribe><![CDATA[Y]]></is_subscribe>
<mch_id><![CDATA[1247030201]]></mch_id>
<nonce_str><![CDATA[n98bkpux7rsv1n849b1q2hjgxw6u6o4c]]></nonce_str>
<openid><![CDATA[oO5v0skNwLD_z7O7HMEXcYqPJAYU]]></openid>
<out_trade_no><![CDATA[wx44df58ebfcd5ea71596]]></out_trade_no>
<result_code><![CDATA[SUCCESS]]></result_code>
<return_code><![CDATA[SUCCESS]]></return_code>
<sign><![CDATA[B93D639E8D9041672B02072774DDC137]]></sign>
<time_end><![CDATA[20150717205825]]></time_end>
<total_fee>1</total_fee>
<trade_type><![CDATA[JSAPI]]></trade_type>
<transaction_id><![CDATA[1006030003201507170425461833]]></transaction_id>
</xml>


执行日期：2015-07-17 20:59:31
支付情况：支付成功
微信订单号：wx44df58ebfcd5ea71596
OpenId:oO5v0skNwLD_z7O7HMEXcYqPJAYU
是否关注公众账号:Y(Y-关注，N-未关注)
交易类型:JSAPI
付款银行:CFT
支付完成时间:20150717205825
修改订单状态失败。

执行日期：2015-07-17 21:02:34
【接收到的notify通知】:
<xml><appid><![CDATA[wx44df58ebfcd5ea71]]></appid>
<bank_type><![CDATA[CFT]]></bank_type>
<cash_fee><![CDATA[1]]></cash_fee>
<fee_type><![CDATA[CNY]]></fee_type>
<is_subscribe><![CDATA[Y]]></is_subscribe>
<mch_id><![CDATA[1247030201]]></mch_id>
<nonce_str><![CDATA[n98bkpux7rsv1n849b1q2hjgxw6u6o4c]]></nonce_str>
<openid><![CDATA[oO5v0skNwLD_z7O7HMEXcYqPJAYU]]></openid>
<out_trade_no><![CDATA[wx44df58ebfcd5ea71596]]></out_trade_no>
<result_code><![CDATA[SUCCESS]]></result_code>
<return_code><![CDATA[SUCCESS]]></return_code>
<sign><![CDATA[B93D639E8D9041672B02072774DDC137]]></sign>
<time_end><![CDATA[20150717205825]]></time_end>
<total_fee>1</total_fee>
<trade_type><![CDATA[JSAPI]]></trade_type>
<transaction_id><![CDATA[1006030003201507170425461833]]></transaction_id>
</xml>


执行日期：2015-07-17 21:02:34
支付情况：支付成功
微信订单号：wx44df58ebfcd5ea71596
OpenId:oO5v0skNwLD_z7O7HMEXcYqPJAYU
是否关注公众账号:Y(Y-关注，N-未关注)
交易类型:JSAPI
付款银行:CFT
支付完成时间:20150717205825
修改订单状态失败。

执行日期：2015-07-17 21:32:37
【接收到的notify通知】:
<xml><appid><![CDATA[wx44df58ebfcd5ea71]]></appid>
<bank_type><![CDATA[CFT]]></bank_type>
<cash_fee><![CDATA[1]]></cash_fee>
<fee_type><![CDATA[CNY]]></fee_type>
<is_subscribe><![CDATA[Y]]></is_subscribe>
<mch_id><![CDATA[1247030201]]></mch_id>
<nonce_str><![CDATA[n98bkpux7rsv1n849b1q2hjgxw6u6o4c]]></nonce_str>
<openid><![CDATA[oO5v0skNwLD_z7O7HMEXcYqPJAYU]]></openid>
<out_trade_no><![CDATA[wx44df58ebfcd5ea71596]]></out_trade_no>
<result_code><![CDATA[SUCCESS]]></result_code>
<return_code><![CDATA[SUCCESS]]></return_code>
<sign><![CDATA[B93D639E8D9041672B02072774DDC137]]></sign>
<time_end><![CDATA[20150717205825]]></time_end>
<total_fee>1</total_fee>
<trade_type><![CDATA[JSAPI]]></trade_type>
<transaction_id><![CDATA[1006030003201507170425461833]]></transaction_id>
</xml>


执行日期：2015-07-17 21:32:37
支付情况：支付成功
微信订单号：wx44df58ebfcd5ea71596
OpenId:oO5v0skNwLD_z7O7HMEXcYqPJAYU
是否关注公众账号:Y(Y-关注，N-未关注)
交易类型:JSAPI
付款银行:CFT
支付完成时间:20150717205825
修改订单状态失败。

执行日期：2015-07-17 21:38:34
【接收到的notify通知】:
<xml><appid><![CDATA[wx44df58ebfcd5ea71]]></appid>
<bank_type><![CDATA[CFT]]></bank_type>
<cash_fee><![CDATA[1]]></cash_fee>
<fee_type><![CDATA[CNY]]></fee_type>
<is_subscribe><![CDATA[Y]]></is_subscribe>
<mch_id><![CDATA[1247030201]]></mch_id>
<nonce_str><![CDATA[beckbi6fvok7fsegy56ddqln3l326x40]]></nonce_str>
<openid><![CDATA[oO5v0skNwLD_z7O7HMEXcYqPJAYU]]></openid>
<out_trade_no><![CDATA[wx44df58ebfcd5ea71597]]></out_trade_no>
<result_code><![CDATA[SUCCESS]]></result_code>
<return_code><![CDATA[SUCCESS]]></return_code>
<sign><![CDATA[36038EA717507EAC974A7B48EFFC2DAD]]></sign>
<time_end><![CDATA[20150717213833]]></time_end>
<total_fee>1</total_fee>
<trade_type><![CDATA[JSAPI]]></trade_type>
<transaction_id><![CDATA[1006030003201507170425673704]]></transaction_id>
</xml>


执行日期：2015-07-17 21:38:34
支付情况：支付成功
微信订单号：wx44df58ebfcd5ea71597
OpenId:oO5v0skNwLD_z7O7HMEXcYqPJAYU
是否关注公众账号:Y(Y-关注，N-未关注)
交易类型:JSAPI
付款银行:CFT
支付完成时间:20150717213833
修改订单状态成功！

执行日期：2015-07-17 21:39:10
【接收到的notify通知】:



执行日期：2015-07-17 21:45:25
【接收到的notify通知】:
<xml><appid><![CDATA[wx44df58ebfcd5ea71]]></appid>
<bank_type><![CDATA[CFT]]></bank_type>
<cash_fee><![CDATA[1]]></cash_fee>
<fee_type><![CDATA[CNY]]></fee_type>
<is_subscribe><![CDATA[Y]]></is_subscribe>
<mch_id><![CDATA[1247030201]]></mch_id>
<nonce_str><![CDATA[sm5pksth05w8gkcjq2zjnn9ymmgk0ibb]]></nonce_str>
<openid><![CDATA[oO5v0skNwLD_z7O7HMEXcYqPJAYU]]></openid>
<out_trade_no><![CDATA[wx44df58ebfcd5ea71598]]></out_trade_no>
<result_code><![CDATA[SUCCESS]]></result_code>
<return_code><![CDATA[SUCCESS]]></return_code>
<sign><![CDATA[04F9A66F29E88C137481E5C1F2A3F08A]]></sign>
<time_end><![CDATA[20150717214525]]></time_end>
<total_fee>1</total_fee>
<trade_type><![CDATA[JSAPI]]></trade_type>
<transaction_id><![CDATA[1006030003201507170425715105]]></transaction_id>
</xml>


执行日期：2015-07-17 21:45:25
支付情况：支付成功
微信订单号：wx44df58ebfcd5ea71598
OpenId:oO5v0skNwLD_z7O7HMEXcYqPJAYU
是否关注公众账号:Y(Y-关注，N-未关注)
交易类型:JSAPI
付款银行:CFT
支付完成时间:20150717214525
修改订单状态成功！

执行日期：2015-07-17 21:52:36
【接收到的notify通知】:



执行日期：2015-07-17 22:00:57
【接收到的notify通知】:
<xml><appid><![CDATA[wx44df58ebfcd5ea71]]></appid>
<bank_type><![CDATA[CFT]]></bank_type>
<cash_fee><![CDATA[1]]></cash_fee>
<fee_type><![CDATA[CNY]]></fee_type>
<is_subscribe><![CDATA[Y]]></is_subscribe>
<mch_id><![CDATA[1247030201]]></mch_id>
<nonce_str><![CDATA[a7augg3wmejypv153uev97vve26l3zb8]]></nonce_str>
<openid><![CDATA[oO5v0skNwLD_z7O7HMEXcYqPJAYU]]></openid>
<out_trade_no><![CDATA[wx44df58ebfcd5ea71599]]></out_trade_no>
<result_code><![CDATA[SUCCESS]]></result_code>
<return_code><![CDATA[SUCCESS]]></return_code>
<sign><![CDATA[4F49D499D3246402293A698F97890A4B]]></sign>
<time_end><![CDATA[20150717220057]]></time_end>
<total_fee>1</total_fee>
<trade_type><![CDATA[JSAPI]]></trade_type>
<transaction_id><![CDATA[1006030003201507170425769592]]></transaction_id>
</xml>


执行日期：2015-07-17 22:00:57
支付情况：支付成功
微信订单号：wx44df58ebfcd5ea71599
OpenId:oO5v0skNwLD_z7O7HMEXcYqPJAYU
是否关注公众账号:Y(Y-关注，N-未关注)
交易类型:JSAPI
付款银行:CFT
支付完成时间:20150717220057
修改订单状态成功！

执行日期：2015-07-17 22:02:39
【接收到的notify通知】:
<xml><appid><![CDATA[wx44df58ebfcd5ea71]]></appid>
<bank_type><![CDATA[CFT]]></bank_type>
<cash_fee><![CDATA[1]]></cash_fee>
<fee_type><![CDATA[CNY]]></fee_type>
<is_subscribe><![CDATA[Y]]></is_subscribe>
<mch_id><![CDATA[1247030201]]></mch_id>
<nonce_str><![CDATA[n98bkpux7rsv1n849b1q2hjgxw6u6o4c]]></nonce_str>
<openid><![CDATA[oO5v0skNwLD_z7O7HMEXcYqPJAYU]]></openid>
<out_trade_no><![CDATA[wx44df58ebfcd5ea71596]]></out_trade_no>
<result_code><![CDATA[SUCCESS]]></result_code>
<return_code><![CDATA[SUCCESS]]></return_code>
<sign><![CDATA[B93D639E8D9041672B02072774DDC137]]></sign>
<time_end><![CDATA[20150717205825]]></time_end>
<total_fee>1</total_fee>
<trade_type><![CDATA[JSAPI]]></trade_type>
<transaction_id><![CDATA[1006030003201507170425461833]]></transaction_id>
</xml>


执行日期：2015-07-17 22:02:39
支付情况：支付成功
微信订单号：wx44df58ebfcd5ea71596
OpenId:oO5v0skNwLD_z7O7HMEXcYqPJAYU
是否关注公众账号:Y(Y-关注，N-未关注)
交易类型:JSAPI
付款银行:CFT
支付完成时间:20150717205825
修改订单状态成功！

执行日期：2015-07-17 22:10:20
【接收到的notify通知】:
<xml><appid><![CDATA[wx44df58ebfcd5ea71]]></appid>
<bank_type><![CDATA[CFT]]></bank_type>
<cash_fee><![CDATA[1]]></cash_fee>
<fee_type><![CDATA[CNY]]></fee_type>
<is_subscribe><![CDATA[Y]]></is_subscribe>
<mch_id><![CDATA[1247030201]]></mch_id>
<nonce_str><![CDATA[o39yfs7vbw40ges8hhwmgagxo19lj3d7]]></nonce_str>
<openid><![CDATA[oO5v0skNwLD_z7O7HMEXcYqPJAYU]]></openid>
<out_trade_no><![CDATA[wx44df58ebfcd5ea71600]]></out_trade_no>
<result_code><![CDATA[SUCCESS]]></result_code>
<return_code><![CDATA[SUCCESS]]></return_code>
<sign><![CDATA[F25D22A92251572007463E048C8F4DD1]]></sign>
<time_end><![CDATA[20150717221019]]></time_end>
<total_fee>1</total_fee>
<trade_type><![CDATA[JSAPI]]></trade_type>
<transaction_id><![CDATA[1006030003201507170425856045]]></transaction_id>
</xml>


执行日期：2015-07-17 22:10:20
支付情况：支付成功
微信订单号：wx44df58ebfcd5ea71600
OpenId:oO5v0skNwLD_z7O7HMEXcYqPJAYU
是否关注公众账号:Y(Y-关注，N-未关注)
交易类型:JSAPI
付款银行:CFT
支付完成时间:20150717221019
修改订单状态成功！

执行日期：2015-07-17 22:42:41
【接收到的notify通知】:
<xml><appid><![CDATA[wx44df58ebfcd5ea71]]></appid>
<bank_type><![CDATA[CFT]]></bank_type>
<cash_fee><![CDATA[1]]></cash_fee>
<fee_type><![CDATA[CNY]]></fee_type>
<is_subscribe><![CDATA[Y]]></is_subscribe>
<mch_id><![CDATA[1247030201]]></mch_id>
<nonce_str><![CDATA[otnzjcqtpxoujete8x9fdr00gkhivtzp]]></nonce_str>
<openid><![CDATA[oO5v0skNwLD_z7O7HMEXcYqPJAYU]]></openid>
<out_trade_no><![CDATA[wx44df58ebfcd5ea71601]]></out_trade_no>
<result_code><![CDATA[SUCCESS]]></result_code>
<return_code><![CDATA[SUCCESS]]></return_code>
<sign><![CDATA[1E3227854CCFD64B25C326AA80F31D9F]]></sign>
<time_end><![CDATA[20150717224241]]></time_end>
<total_fee>1</total_fee>
<trade_type><![CDATA[JSAPI]]></trade_type>
<transaction_id><![CDATA[1006030003201507170425986713]]></transaction_id>
</xml>


执行日期：2015-07-17 22:42:41
支付情况：支付成功
微信订单号：wx44df58ebfcd5ea71601
OpenId:oO5v0skNwLD_z7O7HMEXcYqPJAYU
是否关注公众账号:Y(Y-关注，N-未关注)
交易类型:JSAPI
付款银行:CFT
支付完成时间:20150717224241
修改订单状态成功！

执行日期：2015-07-21 14:32:16
【接收到的notify通知】:
<xml><appid><![CDATA[wx44df58ebfcd5ea71]]></appid>
<bank_type><![CDATA[CFT]]></bank_type>
<cash_fee><![CDATA[10]]></cash_fee>
<fee_type><![CDATA[CNY]]></fee_type>
<is_subscribe><![CDATA[Y]]></is_subscribe>
<mch_id><![CDATA[1247030201]]></mch_id>
<nonce_str><![CDATA[ynhi806gcyjscv76oadyhu5elbjz8df6]]></nonce_str>
<openid><![CDATA[oO5v0svKR2Q6FSUfxapKC5lXX6Q4]]></openid>
<out_trade_no><![CDATA[wx44df58ebfcd5ea71656]]></out_trade_no>
<result_code><![CDATA[SUCCESS]]></result_code>
<return_code><![CDATA[SUCCESS]]></return_code>
<sign><![CDATA[C17E658B5C63FFE44C42B829386217E8]]></sign>
<time_end><![CDATA[20150721143215]]></time_end>
<total_fee>10</total_fee>
<trade_type><![CDATA[JSAPI]]></trade_type>
<transaction_id><![CDATA[1002200003201507210448912165]]></transaction_id>
</xml>


执行日期：2015-07-21 14:32:16
支付情况：支付成功
微信订单号：wx44df58ebfcd5ea71656
OpenId:oO5v0svKR2Q6FSUfxapKC5lXX6Q4
是否关注公众账号:Y(Y-关注，N-未关注)
交易类型:JSAPI
付款银行:CFT
支付完成时间:20150721143215
修改订单状态失败。

执行日期：2015-07-21 14:32:28
【接收到的notify通知】:
<xml><appid><![CDATA[wx44df58ebfcd5ea71]]></appid>
<bank_type><![CDATA[CFT]]></bank_type>
<cash_fee><![CDATA[10]]></cash_fee>
<fee_type><![CDATA[CNY]]></fee_type>
<is_subscribe><![CDATA[Y]]></is_subscribe>
<mch_id><![CDATA[1247030201]]></mch_id>
<nonce_str><![CDATA[ynhi806gcyjscv76oadyhu5elbjz8df6]]></nonce_str>
<openid><![CDATA[oO5v0svKR2Q6FSUfxapKC5lXX6Q4]]></openid>
<out_trade_no><![CDATA[wx44df58ebfcd5ea71656]]></out_trade_no>
<result_code><![CDATA[SUCCESS]]></result_code>
<return_code><![CDATA[SUCCESS]]></return_code>
<sign><![CDATA[C17E658B5C63FFE44C42B829386217E8]]></sign>
<time_end><![CDATA[20150721143215]]></time_end>
<total_fee>10</total_fee>
<trade_type><![CDATA[JSAPI]]></trade_type>
<transaction_id><![CDATA[1002200003201507210448912165]]></transaction_id>
</xml>


执行日期：2015-07-21 14:32:28
支付情况：支付成功
微信订单号：wx44df58ebfcd5ea71656
OpenId:oO5v0svKR2Q6FSUfxapKC5lXX6Q4
是否关注公众账号:Y(Y-关注，N-未关注)
交易类型:JSAPI
付款银行:CFT
支付完成时间:20150721143215
修改订单状态失败。

执行日期：2015-07-21 14:32:47
【接收到的notify通知】:
<xml><appid><![CDATA[wx44df58ebfcd5ea71]]></appid>
<bank_type><![CDATA[CFT]]></bank_type>
<cash_fee><![CDATA[10]]></cash_fee>
<fee_type><![CDATA[CNY]]></fee_type>
<is_subscribe><![CDATA[Y]]></is_subscribe>
<mch_id><![CDATA[1247030201]]></mch_id>
<nonce_str><![CDATA[ynhi806gcyjscv76oadyhu5elbjz8df6]]></nonce_str>
<openid><![CDATA[oO5v0svKR2Q6FSUfxapKC5lXX6Q4]]></openid>
<out_trade_no><![CDATA[wx44df58ebfcd5ea71656]]></out_trade_no>
<result_code><![CDATA[SUCCESS]]></result_code>
<return_code><![CDATA[SUCCESS]]></return_code>
<sign><![CDATA[C17E658B5C63FFE44C42B829386217E8]]></sign>
<time_end><![CDATA[20150721143215]]></time_end>
<total_fee>10</total_fee>
<trade_type><![CDATA[JSAPI]]></trade_type>
<transaction_id><![CDATA[1002200003201507210448912165]]></transaction_id>
</xml>


执行日期：2015-07-21 14:32:47
支付情况：支付成功
微信订单号：wx44df58ebfcd5ea71656
OpenId:oO5v0svKR2Q6FSUfxapKC5lXX6Q4
是否关注公众账号:Y(Y-关注，N-未关注)
交易类型:JSAPI
付款银行:CFT
支付完成时间:20150721143215
修改订单状态失败。

执行日期：2015-07-21 14:33:20
【接收到的notify通知】:
<xml><appid><![CDATA[wx44df58ebfcd5ea71]]></appid>
<bank_type><![CDATA[CFT]]></bank_type>
<cash_fee><![CDATA[10]]></cash_fee>
<fee_type><![CDATA[CNY]]></fee_type>
<is_subscribe><![CDATA[Y]]></is_subscribe>
<mch_id><![CDATA[1247030201]]></mch_id>
<nonce_str><![CDATA[ynhi806gcyjscv76oadyhu5elbjz8df6]]></nonce_str>
<openid><![CDATA[oO5v0svKR2Q6FSUfxapKC5lXX6Q4]]></openid>
<out_trade_no><![CDATA[wx44df58ebfcd5ea71656]]></out_trade_no>
<result_code><![CDATA[SUCCESS]]></result_code>
<return_code><![CDATA[SUCCESS]]></return_code>
<sign><![CDATA[C17E658B5C63FFE44C42B829386217E8]]></sign>
<time_end><![CDATA[20150721143215]]></time_end>
<total_fee>10</total_fee>
<trade_type><![CDATA[JSAPI]]></trade_type>
<transaction_id><![CDATA[1002200003201507210448912165]]></transaction_id>
</xml>


执行日期：2015-07-21 14:33:20
支付情况：支付成功
微信订单号：wx44df58ebfcd5ea71656
OpenId:oO5v0svKR2Q6FSUfxapKC5lXX6Q4
是否关注公众账号:Y(Y-关注，N-未关注)
交易类型:JSAPI
付款银行:CFT
支付完成时间:20150721143215
修改订单状态失败。

执行日期：2015-07-21 14:36:22
【接收到的notify通知】:
<xml><appid><![CDATA[wx44df58ebfcd5ea71]]></appid>
<bank_type><![CDATA[CFT]]></bank_type>
<cash_fee><![CDATA[10]]></cash_fee>
<fee_type><![CDATA[CNY]]></fee_type>
<is_subscribe><![CDATA[Y]]></is_subscribe>
<mch_id><![CDATA[1247030201]]></mch_id>
<nonce_str><![CDATA[ynhi806gcyjscv76oadyhu5elbjz8df6]]></nonce_str>
<openid><![CDATA[oO5v0svKR2Q6FSUfxapKC5lXX6Q4]]></openid>
<out_trade_no><![CDATA[wx44df58ebfcd5ea71656]]></out_trade_no>
<result_code><![CDATA[SUCCESS]]></result_code>
<return_code><![CDATA[SUCCESS]]></return_code>
<sign><![CDATA[C17E658B5C63FFE44C42B829386217E8]]></sign>
<time_end><![CDATA[20150721143215]]></time_end>
<total_fee>10</total_fee>
<trade_type><![CDATA[JSAPI]]></trade_type>
<transaction_id><![CDATA[1002200003201507210448912165]]></transaction_id>
</xml>


执行日期：2015-07-21 14:36:22
支付情况：支付成功
微信订单号：wx44df58ebfcd5ea71656
OpenId:oO5v0svKR2Q6FSUfxapKC5lXX6Q4
是否关注公众账号:Y(Y-关注，N-未关注)
交易类型:JSAPI
付款银行:CFT
支付完成时间:20150721143215
修改订单状态失败。

执行日期：2015-07-21 14:45:02
【接收到的notify通知】:
<xml><appid><![CDATA[wx44df58ebfcd5ea71]]></appid>
<bank_type><![CDATA[CFT]]></bank_type>
<cash_fee><![CDATA[10]]></cash_fee>
<fee_type><![CDATA[CNY]]></fee_type>
<is_subscribe><![CDATA[Y]]></is_subscribe>
<mch_id><![CDATA[1247030201]]></mch_id>
<nonce_str><![CDATA[02vvueteus9thfpjgdws8ob7l7dw2eif]]></nonce_str>
<openid><![CDATA[oO5v0ssFZ3tfCRbQuj6_XIgZ3AWs]]></openid>
<out_trade_no><![CDATA[wx44df58ebfcd5ea71658]]></out_trade_no>
<result_code><![CDATA[SUCCESS]]></result_code>
<return_code><![CDATA[SUCCESS]]></return_code>
<sign><![CDATA[5B09A49DAF18ACD460983FEF4A17D31A]]></sign>
<time_end><![CDATA[20150721144501]]></time_end>
<total_fee>10</total_fee>
<trade_type><![CDATA[JSAPI]]></trade_type>
<transaction_id><![CDATA[1006790003201507210449000141]]></transaction_id>
</xml>


执行日期：2015-07-21 14:45:02
支付情况：支付成功
微信订单号：wx44df58ebfcd5ea71658
OpenId:oO5v0ssFZ3tfCRbQuj6_XIgZ3AWs
是否关注公众账号:Y(Y-关注，N-未关注)
交易类型:JSAPI
付款银行:CFT
支付完成时间:20150721144501
修改订单状态失败。

执行日期：2015-07-21 14:45:13
【接收到的notify通知】:
<xml><appid><![CDATA[wx44df58ebfcd5ea71]]></appid>
<bank_type><![CDATA[CFT]]></bank_type>
<cash_fee><![CDATA[10]]></cash_fee>
<fee_type><![CDATA[CNY]]></fee_type>
<is_subscribe><![CDATA[Y]]></is_subscribe>
<mch_id><![CDATA[1247030201]]></mch_id>
<nonce_str><![CDATA[02vvueteus9thfpjgdws8ob7l7dw2eif]]></nonce_str>
<openid><![CDATA[oO5v0ssFZ3tfCRbQuj6_XIgZ3AWs]]></openid>
<out_trade_no><![CDATA[wx44df58ebfcd5ea71658]]></out_trade_no>
<result_code><![CDATA[SUCCESS]]></result_code>
<return_code><![CDATA[SUCCESS]]></return_code>
<sign><![CDATA[5B09A49DAF18ACD460983FEF4A17D31A]]></sign>
<time_end><![CDATA[20150721144501]]></time_end>
<total_fee>10</total_fee>
<trade_type><![CDATA[JSAPI]]></trade_type>
<transaction_id><![CDATA[1006790003201507210449000141]]></transaction_id>
</xml>


执行日期：2015-07-21 14:45:13
支付情况：支付成功
微信订单号：wx44df58ebfcd5ea71658
OpenId:oO5v0ssFZ3tfCRbQuj6_XIgZ3AWs
是否关注公众账号:Y(Y-关注，N-未关注)
交易类型:JSAPI
付款银行:CFT
支付完成时间:20150721144501
修改订单状态失败。

执行日期：2015-07-21 14:45:31
【接收到的notify通知】:
<xml><appid><![CDATA[wx44df58ebfcd5ea71]]></appid>
<bank_type><![CDATA[CFT]]></bank_type>
<cash_fee><![CDATA[10]]></cash_fee>
<fee_type><![CDATA[CNY]]></fee_type>
<is_subscribe><![CDATA[Y]]></is_subscribe>
<mch_id><![CDATA[1247030201]]></mch_id>
<nonce_str><![CDATA[02vvueteus9thfpjgdws8ob7l7dw2eif]]></nonce_str>
<openid><![CDATA[oO5v0ssFZ3tfCRbQuj6_XIgZ3AWs]]></openid>
<out_trade_no><![CDATA[wx44df58ebfcd5ea71658]]></out_trade_no>
<result_code><![CDATA[SUCCESS]]></result_code>
<return_code><![CDATA[SUCCESS]]></return_code>
<sign><![CDATA[5B09A49DAF18ACD460983FEF4A17D31A]]></sign>
<time_end><![CDATA[20150721144501]]></time_end>
<total_fee>10</total_fee>
<trade_type><![CDATA[JSAPI]]></trade_type>
<transaction_id><![CDATA[1006790003201507210449000141]]></transaction_id>
</xml>


执行日期：2015-07-21 14:45:31
支付情况：支付成功
微信订单号：wx44df58ebfcd5ea71658
OpenId:oO5v0ssFZ3tfCRbQuj6_XIgZ3AWs
是否关注公众账号:Y(Y-关注，N-未关注)
交易类型:JSAPI
付款银行:CFT
支付完成时间:20150721144501
修改订单状态失败。

执行日期：2015-07-21 14:46:03
【接收到的notify通知】:
<xml><appid><![CDATA[wx44df58ebfcd5ea71]]></appid>
<bank_type><![CDATA[CFT]]></bank_type>
<cash_fee><![CDATA[10]]></cash_fee>
<fee_type><![CDATA[CNY]]></fee_type>
<is_subscribe><![CDATA[Y]]></is_subscribe>
<mch_id><![CDATA[1247030201]]></mch_id>
<nonce_str><![CDATA[02vvueteus9thfpjgdws8ob7l7dw2eif]]></nonce_str>
<openid><![CDATA[oO5v0ssFZ3tfCRbQuj6_XIgZ3AWs]]></openid>
<out_trade_no><![CDATA[wx44df58ebfcd5ea71658]]></out_trade_no>
<result_code><![CDATA[SUCCESS]]></result_code>
<return_code><![CDATA[SUCCESS]]></return_code>
<sign><![CDATA[5B09A49DAF18ACD460983FEF4A17D31A]]></sign>
<time_end><![CDATA[20150721144501]]></time_end>
<total_fee>10</total_fee>
<trade_type><![CDATA[JSAPI]]></trade_type>
<transaction_id><![CDATA[1006790003201507210449000141]]></transaction_id>
</xml>


执行日期：2015-07-21 14:46:03
支付情况：支付成功
微信订单号：wx44df58ebfcd5ea71658
OpenId:oO5v0ssFZ3tfCRbQuj6_XIgZ3AWs
是否关注公众账号:Y(Y-关注，N-未关注)
交易类型:JSAPI
付款银行:CFT
支付完成时间:20150721144501
修改订单状态失败。

执行日期：2015-07-21 14:49:07
【接收到的notify通知】:
<xml><appid><![CDATA[wx44df58ebfcd5ea71]]></appid>
<bank_type><![CDATA[CFT]]></bank_type>
<cash_fee><![CDATA[10]]></cash_fee>
<fee_type><![CDATA[CNY]]></fee_type>
<is_subscribe><![CDATA[Y]]></is_subscribe>
<mch_id><![CDATA[1247030201]]></mch_id>
<nonce_str><![CDATA[02vvueteus9thfpjgdws8ob7l7dw2eif]]></nonce_str>
<openid><![CDATA[oO5v0ssFZ3tfCRbQuj6_XIgZ3AWs]]></openid>
<out_trade_no><![CDATA[wx44df58ebfcd5ea71658]]></out_trade_no>
<result_code><![CDATA[SUCCESS]]></result_code>
<return_code><![CDATA[SUCCESS]]></return_code>
<sign><![CDATA[5B09A49DAF18ACD460983FEF4A17D31A]]></sign>
<time_end><![CDATA[20150721144501]]></time_end>
<total_fee>10</total_fee>
<trade_type><![CDATA[JSAPI]]></trade_type>
<transaction_id><![CDATA[1006790003201507210449000141]]></transaction_id>
</xml>


执行日期：2015-07-21 14:49:07
支付情况：支付成功
微信订单号：wx44df58ebfcd5ea71658
OpenId:oO5v0ssFZ3tfCRbQuj6_XIgZ3AWs
是否关注公众账号:Y(Y-关注，N-未关注)
交易类型:JSAPI
付款银行:CFT
支付完成时间:20150721144501
修改订单状态失败。

执行日期：2015-07-21 14:54:07
【接收到的notify通知】:
<xml><appid><![CDATA[wx44df58ebfcd5ea71]]></appid>
<bank_type><![CDATA[CFT]]></bank_type>
<cash_fee><![CDATA[10]]></cash_fee>
<fee_type><![CDATA[CNY]]></fee_type>
<is_subscribe><![CDATA[Y]]></is_subscribe>
<mch_id><![CDATA[1247030201]]></mch_id>
<nonce_str><![CDATA[peyno6u5dvvhqutphgnflc66msd5n6vh]]></nonce_str>
<openid><![CDATA[oO5v0ssFZ3tfCRbQuj6_XIgZ3AWs]]></openid>
<out_trade_no><![CDATA[wx44df58ebfcd5ea716581537]]></out_trade_no>
<result_code><![CDATA[SUCCESS]]></result_code>
<return_code><![CDATA[SUCCESS]]></return_code>
<sign><![CDATA[0266BABCAEF5572B4117C53575193046]]></sign>
<time_end><![CDATA[20150721145406]]></time_end>
<total_fee>10</total_fee>
<trade_type><![CDATA[JSAPI]]></trade_type>
<transaction_id><![CDATA[1006790003201507210449065866]]></transaction_id>
</xml>


执行日期：2015-07-21 14:54:07
支付情况：支付成功
微信订单号：wx44df58ebfcd5ea716581537
OpenId:oO5v0ssFZ3tfCRbQuj6_XIgZ3AWs
是否关注公众账号:Y(Y-关注，N-未关注)
交易类型:JSAPI
付款银行:CFT
支付完成时间:20150721145406
修改订单状态失败。

执行日期：2015-07-21 14:54:17
【接收到的notify通知】:
<xml><appid><![CDATA[wx44df58ebfcd5ea71]]></appid>
<bank_type><![CDATA[CFT]]></bank_type>
<cash_fee><![CDATA[10]]></cash_fee>
<fee_type><![CDATA[CNY]]></fee_type>
<is_subscribe><![CDATA[Y]]></is_subscribe>
<mch_id><![CDATA[1247030201]]></mch_id>
<nonce_str><![CDATA[peyno6u5dvvhqutphgnflc66msd5n6vh]]></nonce_str>
<openid><![CDATA[oO5v0ssFZ3tfCRbQuj6_XIgZ3AWs]]></openid>
<out_trade_no><![CDATA[wx44df58ebfcd5ea716581537]]></out_trade_no>
<result_code><![CDATA[SUCCESS]]></result_code>
<return_code><![CDATA[SUCCESS]]></return_code>
<sign><![CDATA[0266BABCAEF5572B4117C53575193046]]></sign>
<time_end><![CDATA[20150721145406]]></time_end>
<total_fee>10</total_fee>
<trade_type><![CDATA[JSAPI]]></trade_type>
<transaction_id><![CDATA[1006790003201507210449065866]]></transaction_id>
</xml>


执行日期：2015-07-21 14:54:17
支付情况：支付成功
微信订单号：wx44df58ebfcd5ea716581537
OpenId:oO5v0ssFZ3tfCRbQuj6_XIgZ3AWs
是否关注公众账号:Y(Y-关注，N-未关注)
交易类型:JSAPI
付款银行:CFT
支付完成时间:20150721145406
修改订单状态失败。

执行日期：2015-07-21 14:54:35
【接收到的notify通知】:
<xml><appid><![CDATA[wx44df58ebfcd5ea71]]></appid>
<bank_type><![CDATA[CFT]]></bank_type>
<cash_fee><![CDATA[10]]></cash_fee>
<fee_type><![CDATA[CNY]]></fee_type>
<is_subscribe><![CDATA[Y]]></is_subscribe>
<mch_id><![CDATA[1247030201]]></mch_id>
<nonce_str><![CDATA[peyno6u5dvvhqutphgnflc66msd5n6vh]]></nonce_str>
<openid><![CDATA[oO5v0ssFZ3tfCRbQuj6_XIgZ3AWs]]></openid>
<out_trade_no><![CDATA[wx44df58ebfcd5ea716581537]]></out_trade_no>
<result_code><![CDATA[SUCCESS]]></result_code>
<return_code><![CDATA[SUCCESS]]></return_code>
<sign><![CDATA[0266BABCAEF5572B4117C53575193046]]></sign>
<time_end><![CDATA[20150721145406]]></time_end>
<total_fee>10</total_fee>
<trade_type><![CDATA[JSAPI]]></trade_type>
<transaction_id><![CDATA[1006790003201507210449065866]]></transaction_id>
</xml>


执行日期：2015-07-21 14:54:35
支付情况：支付成功
微信订单号：wx44df58ebfcd5ea716581537
OpenId:oO5v0ssFZ3tfCRbQuj6_XIgZ3AWs
是否关注公众账号:Y(Y-关注，N-未关注)
交易类型:JSAPI
付款银行:CFT
支付完成时间:20150721145406
修改订单状态失败。

执行日期：2015-07-21 14:55:07
【接收到的notify通知】:
<xml><appid><![CDATA[wx44df58ebfcd5ea71]]></appid>
<bank_type><![CDATA[CFT]]></bank_type>
<cash_fee><![CDATA[10]]></cash_fee>
<fee_type><![CDATA[CNY]]></fee_type>
<is_subscribe><![CDATA[Y]]></is_subscribe>
<mch_id><![CDATA[1247030201]]></mch_id>
<nonce_str><![CDATA[peyno6u5dvvhqutphgnflc66msd5n6vh]]></nonce_str>
<openid><![CDATA[oO5v0ssFZ3tfCRbQuj6_XIgZ3AWs]]></openid>
<out_trade_no><![CDATA[wx44df58ebfcd5ea716581537]]></out_trade_no>
<result_code><![CDATA[SUCCESS]]></result_code>
<return_code><![CDATA[SUCCESS]]></return_code>
<sign><![CDATA[0266BABCAEF5572B4117C53575193046]]></sign>
<time_end><![CDATA[20150721145406]]></time_end>
<total_fee>10</total_fee>
<trade_type><![CDATA[JSAPI]]></trade_type>
<transaction_id><![CDATA[1006790003201507210449065866]]></transaction_id>
</xml>


执行日期：2015-07-21 14:55:07
支付情况：支付成功
微信订单号：wx44df58ebfcd5ea716581537
OpenId:oO5v0ssFZ3tfCRbQuj6_XIgZ3AWs
是否关注公众账号:Y(Y-关注，N-未关注)
交易类型:JSAPI
付款银行:CFT
支付完成时间:20150721145406
修改订单状态失败。

执行日期：2015-07-21 14:58:10
【接收到的notify通知】:
<xml><appid><![CDATA[wx44df58ebfcd5ea71]]></appid>
<bank_type><![CDATA[CFT]]></bank_type>
<cash_fee><![CDATA[10]]></cash_fee>
<fee_type><![CDATA[CNY]]></fee_type>
<is_subscribe><![CDATA[Y]]></is_subscribe>
<mch_id><![CDATA[1247030201]]></mch_id>
<nonce_str><![CDATA[peyno6u5dvvhqutphgnflc66msd5n6vh]]></nonce_str>
<openid><![CDATA[oO5v0ssFZ3tfCRbQuj6_XIgZ3AWs]]></openid>
<out_trade_no><![CDATA[wx44df58ebfcd5ea716581537]]></out_trade_no>
<result_code><![CDATA[SUCCESS]]></result_code>
<return_code><![CDATA[SUCCESS]]></return_code>
<sign><![CDATA[0266BABCAEF5572B4117C53575193046]]></sign>
<time_end><![CDATA[20150721145406]]></time_end>
<total_fee>10</total_fee>
<trade_type><![CDATA[JSAPI]]></trade_type>
<transaction_id><![CDATA[1006790003201507210449065866]]></transaction_id>
</xml>


执行日期：2015-07-21 14:58:10
支付情况：支付成功
微信订单号：wx44df58ebfcd5ea716581537
OpenId:oO5v0ssFZ3tfCRbQuj6_XIgZ3AWs
是否关注公众账号:Y(Y-关注，N-未关注)
交易类型:JSAPI
付款银行:CFT
支付完成时间:20150721145406
修改订单状态失败。

执行日期：2015-07-21 15:06:25
【接收到的notify通知】:
<xml><appid><![CDATA[wx44df58ebfcd5ea71]]></appid>
<bank_type><![CDATA[CFT]]></bank_type>
<cash_fee><![CDATA[10]]></cash_fee>
<fee_type><![CDATA[CNY]]></fee_type>
<is_subscribe><![CDATA[Y]]></is_subscribe>
<mch_id><![CDATA[1247030201]]></mch_id>
<nonce_str><![CDATA[ynhi806gcyjscv76oadyhu5elbjz8df6]]></nonce_str>
<openid><![CDATA[oO5v0svKR2Q6FSUfxapKC5lXX6Q4]]></openid>
<out_trade_no><![CDATA[wx44df58ebfcd5ea71656]]></out_trade_no>
<result_code><![CDATA[SUCCESS]]></result_code>
<return_code><![CDATA[SUCCESS]]></return_code>
<sign><![CDATA[C17E658B5C63FFE44C42B829386217E8]]></sign>
<time_end><![CDATA[20150721143215]]></time_end>
<total_fee>10</total_fee>
<trade_type><![CDATA[JSAPI]]></trade_type>
<transaction_id><![CDATA[1002200003201507210448912165]]></transaction_id>
</xml>


执行日期：2015-07-21 15:06:25
支付情况：支付成功
微信订单号：wx44df58ebfcd5ea71656
OpenId:oO5v0svKR2Q6FSUfxapKC5lXX6Q4
是否关注公众账号:Y(Y-关注，N-未关注)
交易类型:JSAPI
付款银行:CFT
支付完成时间:20150721143215
修改订单状态失败。

执行日期：2015-07-21 15:19:10
【接收到的notify通知】:
<xml><appid><![CDATA[wx44df58ebfcd5ea71]]></appid>
<bank_type><![CDATA[CFT]]></bank_type>
<cash_fee><![CDATA[10]]></cash_fee>
<fee_type><![CDATA[CNY]]></fee_type>
<is_subscribe><![CDATA[Y]]></is_subscribe>
<mch_id><![CDATA[1247030201]]></mch_id>
<nonce_str><![CDATA[02vvueteus9thfpjgdws8ob7l7dw2eif]]></nonce_str>
<openid><![CDATA[oO5v0ssFZ3tfCRbQuj6_XIgZ3AWs]]></openid>
<out_trade_no><![CDATA[wx44df58ebfcd5ea71658]]></out_trade_no>
<result_code><![CDATA[SUCCESS]]></result_code>
<return_code><![CDATA[SUCCESS]]></return_code>
<sign><![CDATA[5B09A49DAF18ACD460983FEF4A17D31A]]></sign>
<time_end><![CDATA[20150721144501]]></time_end>
<total_fee>10</total_fee>
<trade_type><![CDATA[JSAPI]]></trade_type>
<transaction_id><![CDATA[1006790003201507210449000141]]></transaction_id>
</xml>


执行日期：2015-07-21 15:19:10
支付情况：支付成功
微信订单号：wx44df58ebfcd5ea71658
OpenId:oO5v0ssFZ3tfCRbQuj6_XIgZ3AWs
是否关注公众账号:Y(Y-关注，N-未关注)
交易类型:JSAPI
付款银行:CFT
支付完成时间:20150721144501
修改订单状态失败。

执行日期：2015-07-21 15:28:13
【接收到的notify通知】:
<xml><appid><![CDATA[wx44df58ebfcd5ea71]]></appid>
<bank_type><![CDATA[CFT]]></bank_type>
<cash_fee><![CDATA[10]]></cash_fee>
<fee_type><![CDATA[CNY]]></fee_type>
<is_subscribe><![CDATA[Y]]></is_subscribe>
<mch_id><![CDATA[1247030201]]></mch_id>
<nonce_str><![CDATA[peyno6u5dvvhqutphgnflc66msd5n6vh]]></nonce_str>
<openid><![CDATA[oO5v0ssFZ3tfCRbQuj6_XIgZ3AWs]]></openid>
<out_trade_no><![CDATA[wx44df58ebfcd5ea716581537]]></out_trade_no>
<result_code><![CDATA[SUCCESS]]></result_code>
<return_code><![CDATA[SUCCESS]]></return_code>
<sign><![CDATA[0266BABCAEF5572B4117C53575193046]]></sign>
<time_end><![CDATA[20150721145406]]></time_end>
<total_fee>10</total_fee>
<trade_type><![CDATA[JSAPI]]></trade_type>
<transaction_id><![CDATA[1006790003201507210449065866]]></transaction_id>
</xml>


执行日期：2015-07-21 15:28:13
支付情况：支付成功
微信订单号：wx44df58ebfcd5ea716581537
OpenId:oO5v0ssFZ3tfCRbQuj6_XIgZ3AWs
是否关注公众账号:Y(Y-关注，N-未关注)
交易类型:JSAPI
付款银行:CFT
支付完成时间:20150721145406
修改订单状态失败。

执行日期：2015-07-21 15:36:27
【接收到的notify通知】:
<xml><appid><![CDATA[wx44df58ebfcd5ea71]]></appid>
<bank_type><![CDATA[CFT]]></bank_type>
<cash_fee><![CDATA[10]]></cash_fee>
<fee_type><![CDATA[CNY]]></fee_type>
<is_subscribe><![CDATA[Y]]></is_subscribe>
<mch_id><![CDATA[1247030201]]></mch_id>
<nonce_str><![CDATA[ynhi806gcyjscv76oadyhu5elbjz8df6]]></nonce_str>
<openid><![CDATA[oO5v0svKR2Q6FSUfxapKC5lXX6Q4]]></openid>
<out_trade_no><![CDATA[wx44df58ebfcd5ea71656]]></out_trade_no>
<result_code><![CDATA[SUCCESS]]></result_code>
<return_code><![CDATA[SUCCESS]]></return_code>
<sign><![CDATA[C17E658B5C63FFE44C42B829386217E8]]></sign>
<time_end><![CDATA[20150721143215]]></time_end>
<total_fee>10</total_fee>
<trade_type><![CDATA[JSAPI]]></trade_type>
<transaction_id><![CDATA[1002200003201507210448912165]]></transaction_id>
</xml>


执行日期：2015-07-21 15:36:27
支付情况：支付成功
微信订单号：wx44df58ebfcd5ea71656
OpenId:oO5v0svKR2Q6FSUfxapKC5lXX6Q4
是否关注公众账号:Y(Y-关注，N-未关注)
交易类型:JSAPI
付款银行:CFT
支付完成时间:20150721143215
修改订单状态失败。

执行日期：2015-07-21 15:38:32
【接收到的notify通知】:
<xml><appid><![CDATA[wx44df58ebfcd5ea71]]></appid>
<bank_type><![CDATA[CFT]]></bank_type>
<cash_fee><![CDATA[1]]></cash_fee>
<fee_type><![CDATA[CNY]]></fee_type>
<is_subscribe><![CDATA[Y]]></is_subscribe>
<mch_id><![CDATA[1247030201]]></mch_id>
<nonce_str><![CDATA[0lfqy9x5mokryr56bar9q1nn4f4zuv9v]]></nonce_str>
<openid><![CDATA[oO5v0skNwLD_z7O7HMEXcYqPJAYU]]></openid>
<out_trade_no><![CDATA[wx44df58ebfcd5ea71660]]></out_trade_no>
<result_code><![CDATA[SUCCESS]]></result_code>
<return_code><![CDATA[SUCCESS]]></return_code>
<sign><![CDATA[ABBF9D2888B8AFDFF3624E01D7D0708D]]></sign>
<time_end><![CDATA[20150721153832]]></time_end>
<total_fee>1</total_fee>
<trade_type><![CDATA[JSAPI]]></trade_type>
<transaction_id><![CDATA[1006030003201507210449346962]]></transaction_id>
</xml>


执行日期：2015-07-21 15:38:32
支付情况：支付成功
微信订单号：wx44df58ebfcd5ea71660
OpenId:oO5v0skNwLD_z7O7HMEXcYqPJAYU
是否关注公众账号:Y(Y-关注，N-未关注)
交易类型:JSAPI
付款银行:CFT
支付完成时间:20150721153832
修改订单状态失败。

执行日期：2015-07-21 15:38:49
【接收到的notify通知】:
<xml><appid><![CDATA[wx44df58ebfcd5ea71]]></appid>
<bank_type><![CDATA[CFT]]></bank_type>
<cash_fee><![CDATA[1]]></cash_fee>
<fee_type><![CDATA[CNY]]></fee_type>
<is_subscribe><![CDATA[Y]]></is_subscribe>
<mch_id><![CDATA[1247030201]]></mch_id>
<nonce_str><![CDATA[0lfqy9x5mokryr56bar9q1nn4f4zuv9v]]></nonce_str>
<openid><![CDATA[oO5v0skNwLD_z7O7HMEXcYqPJAYU]]></openid>
<out_trade_no><![CDATA[wx44df58ebfcd5ea71660]]></out_trade_no>
<result_code><![CDATA[SUCCESS]]></result_code>
<return_code><![CDATA[SUCCESS]]></return_code>
<sign><![CDATA[ABBF9D2888B8AFDFF3624E01D7D0708D]]></sign>
<time_end><![CDATA[20150721153832]]></time_end>
<total_fee>1</total_fee>
<trade_type><![CDATA[JSAPI]]></trade_type>
<transaction_id><![CDATA[1006030003201507210449346962]]></transaction_id>
</xml>


执行日期：2015-07-21 15:38:49
支付情况：支付成功
微信订单号：wx44df58ebfcd5ea71660
OpenId:oO5v0skNwLD_z7O7HMEXcYqPJAYU
是否关注公众账号:Y(Y-关注，N-未关注)
交易类型:JSAPI
付款银行:CFT
支付完成时间:20150721153832
修改订单状态失败。

执行日期：2015-07-21 15:39:05
【接收到的notify通知】:
<xml><appid><![CDATA[wx44df58ebfcd5ea71]]></appid>
<bank_type><![CDATA[CFT]]></bank_type>
<cash_fee><![CDATA[1]]></cash_fee>
<fee_type><![CDATA[CNY]]></fee_type>
<is_subscribe><![CDATA[Y]]></is_subscribe>
<mch_id><![CDATA[1247030201]]></mch_id>
<nonce_str><![CDATA[0lfqy9x5mokryr56bar9q1nn4f4zuv9v]]></nonce_str>
<openid><![CDATA[oO5v0skNwLD_z7O7HMEXcYqPJAYU]]></openid>
<out_trade_no><![CDATA[wx44df58ebfcd5ea71660]]></out_trade_no>
<result_code><![CDATA[SUCCESS]]></result_code>
<return_code><![CDATA[SUCCESS]]></return_code>
<sign><![CDATA[ABBF9D2888B8AFDFF3624E01D7D0708D]]></sign>
<time_end><![CDATA[20150721153832]]></time_end>
<total_fee>1</total_fee>
<trade_type><![CDATA[JSAPI]]></trade_type>
<transaction_id><![CDATA[1006030003201507210449346962]]></transaction_id>
</xml>


执行日期：2015-07-21 15:39:05
支付情况：支付成功
微信订单号：wx44df58ebfcd5ea71660
OpenId:oO5v0skNwLD_z7O7HMEXcYqPJAYU
是否关注公众账号:Y(Y-关注，N-未关注)
交易类型:JSAPI
付款银行:CFT
支付完成时间:20150721153832
修改订单状态失败。

执行日期：2015-07-21 15:39:38
【接收到的notify通知】:
<xml><appid><![CDATA[wx44df58ebfcd5ea71]]></appid>
<bank_type><![CDATA[CFT]]></bank_type>
<cash_fee><![CDATA[1]]></cash_fee>
<fee_type><![CDATA[CNY]]></fee_type>
<is_subscribe><![CDATA[Y]]></is_subscribe>
<mch_id><![CDATA[1247030201]]></mch_id>
<nonce_str><![CDATA[0lfqy9x5mokryr56bar9q1nn4f4zuv9v]]></nonce_str>
<openid><![CDATA[oO5v0skNwLD_z7O7HMEXcYqPJAYU]]></openid>
<out_trade_no><![CDATA[wx44df58ebfcd5ea71660]]></out_trade_no>
<result_code><![CDATA[SUCCESS]]></result_code>
<return_code><![CDATA[SUCCESS]]></return_code>
<sign><![CDATA[ABBF9D2888B8AFDFF3624E01D7D0708D]]></sign>
<time_end><![CDATA[20150721153832]]></time_end>
<total_fee>1</total_fee>
<trade_type><![CDATA[JSAPI]]></trade_type>
<transaction_id><![CDATA[1006030003201507210449346962]]></transaction_id>
</xml>


执行日期：2015-07-21 15:39:38
支付情况：支付成功
微信订单号：wx44df58ebfcd5ea71660
OpenId:oO5v0skNwLD_z7O7HMEXcYqPJAYU
是否关注公众账号:Y(Y-关注，N-未关注)
交易类型:JSAPI
付款银行:CFT
支付完成时间:20150721153832
修改订单状态失败。

执行日期：2015-07-21 15:42:41
【接收到的notify通知】:
<xml><appid><![CDATA[wx44df58ebfcd5ea71]]></appid>
<bank_type><![CDATA[CFT]]></bank_type>
<cash_fee><![CDATA[1]]></cash_fee>
<fee_type><![CDATA[CNY]]></fee_type>
<is_subscribe><![CDATA[Y]]></is_subscribe>
<mch_id><![CDATA[1247030201]]></mch_id>
<nonce_str><![CDATA[0lfqy9x5mokryr56bar9q1nn4f4zuv9v]]></nonce_str>
<openid><![CDATA[oO5v0skNwLD_z7O7HMEXcYqPJAYU]]></openid>
<out_trade_no><![CDATA[wx44df58ebfcd5ea71660]]></out_trade_no>
<result_code><![CDATA[SUCCESS]]></result_code>
<return_code><![CDATA[SUCCESS]]></return_code>
<sign><![CDATA[ABBF9D2888B8AFDFF3624E01D7D0708D]]></sign>
<time_end><![CDATA[20150721153832]]></time_end>
<total_fee>1</total_fee>
<trade_type><![CDATA[JSAPI]]></trade_type>
<transaction_id><![CDATA[1006030003201507210449346962]]></transaction_id>
</xml>


执行日期：2015-07-21 15:42:41
支付情况：支付成功
微信订单号：wx44df58ebfcd5ea71660
OpenId:oO5v0skNwLD_z7O7HMEXcYqPJAYU
是否关注公众账号:Y(Y-关注，N-未关注)
交易类型:JSAPI
付款银行:CFT
支付完成时间:20150721153832
修改订单状态失败。

执行日期：2015-07-21 15:46:20
【接收到的notify通知】:
<xml><appid><![CDATA[wx44df58ebfcd5ea71]]></appid>
<bank_type><![CDATA[CFT]]></bank_type>
<cash_fee><![CDATA[1]]></cash_fee>
<fee_type><![CDATA[CNY]]></fee_type>
<is_subscribe><![CDATA[Y]]></is_subscribe>
<mch_id><![CDATA[1247030201]]></mch_id>
<nonce_str><![CDATA[snqe5k1n75pexlf6flclk7eyx78r6gk7]]></nonce_str>
<openid><![CDATA[oO5v0skNwLD_z7O7HMEXcYqPJAYU]]></openid>
<out_trade_no><![CDATA[wx44df58ebfcd5ea71661]]></out_trade_no>
<result_code><![CDATA[SUCCESS]]></result_code>
<return_code><![CDATA[SUCCESS]]></return_code>
<sign><![CDATA[A909E1650C3E603ED9B0521DA2125F69]]></sign>
<time_end><![CDATA[20150721154620]]></time_end>
<total_fee>1</total_fee>
<trade_type><![CDATA[JSAPI]]></trade_type>
<transaction_id><![CDATA[1006030003201507210449395364]]></transaction_id>
</xml>


执行日期：2015-07-21 15:46:20
支付情况：支付成功
微信订单号：wx44df58ebfcd5ea71661
OpenId:oO5v0skNwLD_z7O7HMEXcYqPJAYU
是否关注公众账号:Y(Y-关注，N-未关注)
交易类型:JSAPI
付款银行:CFT
支付完成时间:20150721154620
修改订单状态失败。

执行日期：2015-07-21 15:46:33
【接收到的notify通知】:
<xml><appid><![CDATA[wx44df58ebfcd5ea71]]></appid>
<bank_type><![CDATA[CFT]]></bank_type>
<cash_fee><![CDATA[1]]></cash_fee>
<fee_type><![CDATA[CNY]]></fee_type>
<is_subscribe><![CDATA[Y]]></is_subscribe>
<mch_id><![CDATA[1247030201]]></mch_id>
<nonce_str><![CDATA[snqe5k1n75pexlf6flclk7eyx78r6gk7]]></nonce_str>
<openid><![CDATA[oO5v0skNwLD_z7O7HMEXcYqPJAYU]]></openid>
<out_trade_no><![CDATA[wx44df58ebfcd5ea71661]]></out_trade_no>
<result_code><![CDATA[SUCCESS]]></result_code>
<return_code><![CDATA[SUCCESS]]></return_code>
<sign><![CDATA[A909E1650C3E603ED9B0521DA2125F69]]></sign>
<time_end><![CDATA[20150721154620]]></time_end>
<total_fee>1</total_fee>
<trade_type><![CDATA[JSAPI]]></trade_type>
<transaction_id><![CDATA[1006030003201507210449395364]]></transaction_id>
</xml>


执行日期：2015-07-21 15:46:33
支付情况：支付成功
微信订单号：wx44df58ebfcd5ea71661
OpenId:oO5v0skNwLD_z7O7HMEXcYqPJAYU
是否关注公众账号:Y(Y-关注，N-未关注)
交易类型:JSAPI
付款银行:CFT
支付完成时间:20150721154620
修改订单状态失败。

执行日期：2015-07-21 15:46:50
【接收到的notify通知】:
<xml><appid><![CDATA[wx44df58ebfcd5ea71]]></appid>
<bank_type><![CDATA[CFT]]></bank_type>
<cash_fee><![CDATA[1]]></cash_fee>
<fee_type><![CDATA[CNY]]></fee_type>
<is_subscribe><![CDATA[Y]]></is_subscribe>
<mch_id><![CDATA[1247030201]]></mch_id>
<nonce_str><![CDATA[snqe5k1n75pexlf6flclk7eyx78r6gk7]]></nonce_str>
<openid><![CDATA[oO5v0skNwLD_z7O7HMEXcYqPJAYU]]></openid>
<out_trade_no><![CDATA[wx44df58ebfcd5ea71661]]></out_trade_no>
<result_code><![CDATA[SUCCESS]]></result_code>
<return_code><![CDATA[SUCCESS]]></return_code>
<sign><![CDATA[A909E1650C3E603ED9B0521DA2125F69]]></sign>
<time_end><![CDATA[20150721154620]]></time_end>
<total_fee>1</total_fee>
<trade_type><![CDATA[JSAPI]]></trade_type>
<transaction_id><![CDATA[1006030003201507210449395364]]></transaction_id>
</xml>


执行日期：2015-07-21 15:46:50
支付情况：支付成功
微信订单号：wx44df58ebfcd5ea71661
OpenId:oO5v0skNwLD_z7O7HMEXcYqPJAYU
是否关注公众账号:Y(Y-关注，N-未关注)
交易类型:JSAPI
付款银行:CFT
支付完成时间:20150721154620
修改订单状态失败。

执行日期：2015-07-21 15:47:23
【接收到的notify通知】:
<xml><appid><![CDATA[wx44df58ebfcd5ea71]]></appid>
<bank_type><![CDATA[CFT]]></bank_type>
<cash_fee><![CDATA[1]]></cash_fee>
<fee_type><![CDATA[CNY]]></fee_type>
<is_subscribe><![CDATA[Y]]></is_subscribe>
<mch_id><![CDATA[1247030201]]></mch_id>
<nonce_str><![CDATA[snqe5k1n75pexlf6flclk7eyx78r6gk7]]></nonce_str>
<openid><![CDATA[oO5v0skNwLD_z7O7HMEXcYqPJAYU]]></openid>
<out_trade_no><![CDATA[wx44df58ebfcd5ea71661]]></out_trade_no>
<result_code><![CDATA[SUCCESS]]></result_code>
<return_code><![CDATA[SUCCESS]]></return_code>
<sign><![CDATA[A909E1650C3E603ED9B0521DA2125F69]]></sign>
<time_end><![CDATA[20150721154620]]></time_end>
<total_fee>1</total_fee>
<trade_type><![CDATA[JSAPI]]></trade_type>
<transaction_id><![CDATA[1006030003201507210449395364]]></transaction_id>
</xml>


执行日期：2015-07-21 15:47:23
支付情况：支付成功
微信订单号：wx44df58ebfcd5ea71661
OpenId:oO5v0skNwLD_z7O7HMEXcYqPJAYU
是否关注公众账号:Y(Y-关注，N-未关注)
交易类型:JSAPI
付款银行:CFT
支付完成时间:20150721154620
修改订单状态失败。

执行日期：2015-07-21 15:49:14
【接收到的notify通知】:
<xml><appid><![CDATA[wx44df58ebfcd5ea71]]></appid>
<bank_type><![CDATA[CFT]]></bank_type>
<cash_fee><![CDATA[10]]></cash_fee>
<fee_type><![CDATA[CNY]]></fee_type>
<is_subscribe><![CDATA[Y]]></is_subscribe>
<mch_id><![CDATA[1247030201]]></mch_id>
<nonce_str><![CDATA[02vvueteus9thfpjgdws8ob7l7dw2eif]]></nonce_str>
<openid><![CDATA[oO5v0ssFZ3tfCRbQuj6_XIgZ3AWs]]></openid>
<out_trade_no><![CDATA[wx44df58ebfcd5ea71658]]></out_trade_no>
<result_code><![CDATA[SUCCESS]]></result_code>
<return_code><![CDATA[SUCCESS]]></return_code>
<sign><![CDATA[5B09A49DAF18ACD460983FEF4A17D31A]]></sign>
<time_end><![CDATA[20150721144501]]></time_end>
<total_fee>10</total_fee>
<trade_type><![CDATA[JSAPI]]></trade_type>
<transaction_id><![CDATA[1006790003201507210449000141]]></transaction_id>
</xml>


执行日期：2015-07-21 15:49:14
支付情况：支付成功
微信订单号：wx44df58ebfcd5ea71658
OpenId:oO5v0ssFZ3tfCRbQuj6_XIgZ3AWs
是否关注公众账号:Y(Y-关注，N-未关注)
交易类型:JSAPI
付款银行:CFT
支付完成时间:20150721144501
修改订单状态失败。

执行日期：2015-07-21 15:50:26
【接收到的notify通知】:
<xml><appid><![CDATA[wx44df58ebfcd5ea71]]></appid>
<bank_type><![CDATA[CFT]]></bank_type>
<cash_fee><![CDATA[1]]></cash_fee>
<fee_type><![CDATA[CNY]]></fee_type>
<is_subscribe><![CDATA[Y]]></is_subscribe>
<mch_id><![CDATA[1247030201]]></mch_id>
<nonce_str><![CDATA[snqe5k1n75pexlf6flclk7eyx78r6gk7]]></nonce_str>
<openid><![CDATA[oO5v0skNwLD_z7O7HMEXcYqPJAYU]]></openid>
<out_trade_no><![CDATA[wx44df58ebfcd5ea71661]]></out_trade_no>
<result_code><![CDATA[SUCCESS]]></result_code>
<return_code><![CDATA[SUCCESS]]></return_code>
<sign><![CDATA[A909E1650C3E603ED9B0521DA2125F69]]></sign>
<time_end><![CDATA[20150721154620]]></time_end>
<total_fee>1</total_fee>
<trade_type><![CDATA[JSAPI]]></trade_type>
<transaction_id><![CDATA[1006030003201507210449395364]]></transaction_id>
</xml>


执行日期：2015-07-21 15:50:26
支付情况：支付成功
微信订单号：wx44df58ebfcd5ea71661
OpenId:oO5v0skNwLD_z7O7HMEXcYqPJAYU
是否关注公众账号:Y(Y-关注，N-未关注)
交易类型:JSAPI
付款银行:CFT
支付完成时间:20150721154620
修改订单状态失败。

执行日期：2015-07-21 15:50:59
【接收到的notify通知】:
<xml><appid><![CDATA[wx44df58ebfcd5ea71]]></appid>
<bank_type><![CDATA[CFT]]></bank_type>
<cash_fee><![CDATA[10]]></cash_fee>
<fee_type><![CDATA[CNY]]></fee_type>
<is_subscribe><![CDATA[Y]]></is_subscribe>
<mch_id><![CDATA[1247030201]]></mch_id>
<nonce_str><![CDATA[297f18q7n54dgqkfk648go25ryw4nkrs]]></nonce_str>
<openid><![CDATA[oO5v0svKR2Q6FSUfxapKC5lXX6Q4]]></openid>
<out_trade_no><![CDATA[wx44df58ebfcd5ea71662]]></out_trade_no>
<result_code><![CDATA[SUCCESS]]></result_code>
<return_code><![CDATA[SUCCESS]]></return_code>
<sign><![CDATA[E0172110DB1FFDE35E339AD0D4B60BC5]]></sign>
<time_end><![CDATA[20150721155058]]></time_end>
<total_fee>10</total_fee>
<trade_type><![CDATA[JSAPI]]></trade_type>
<transaction_id><![CDATA[1002200003201507210449429685]]></transaction_id>
</xml>


执行日期：2015-07-21 15:50:59
支付情况：支付成功
微信订单号：wx44df58ebfcd5ea71662
OpenId:oO5v0svKR2Q6FSUfxapKC5lXX6Q4
是否关注公众账号:Y(Y-关注，N-未关注)
交易类型:JSAPI
付款银行:CFT
支付完成时间:20150721155058
修改订单状态失败。

执行日期：2015-07-21 15:51:14
【接收到的notify通知】:
<xml><appid><![CDATA[wx44df58ebfcd5ea71]]></appid>
<bank_type><![CDATA[CFT]]></bank_type>
<cash_fee><![CDATA[10]]></cash_fee>
<fee_type><![CDATA[CNY]]></fee_type>
<is_subscribe><![CDATA[Y]]></is_subscribe>
<mch_id><![CDATA[1247030201]]></mch_id>
<nonce_str><![CDATA[297f18q7n54dgqkfk648go25ryw4nkrs]]></nonce_str>
<openid><![CDATA[oO5v0svKR2Q6FSUfxapKC5lXX6Q4]]></openid>
<out_trade_no><![CDATA[wx44df58ebfcd5ea71662]]></out_trade_no>
<result_code><![CDATA[SUCCESS]]></result_code>
<return_code><![CDATA[SUCCESS]]></return_code>
<sign><![CDATA[E0172110DB1FFDE35E339AD0D4B60BC5]]></sign>
<time_end><![CDATA[20150721155058]]></time_end>
<total_fee>10</total_fee>
<trade_type><![CDATA[JSAPI]]></trade_type>
<transaction_id><![CDATA[1002200003201507210449429685]]></transaction_id>
</xml>


执行日期：2015-07-21 15:51:14
支付情况：支付成功
微信订单号：wx44df58ebfcd5ea71662
OpenId:oO5v0svKR2Q6FSUfxapKC5lXX6Q4
是否关注公众账号:Y(Y-关注，N-未关注)
交易类型:JSAPI
付款银行:CFT
支付完成时间:20150721155058
修改订单状态失败。

执行日期：2015-07-21 15:51:31
【接收到的notify通知】:
<xml><appid><![CDATA[wx44df58ebfcd5ea71]]></appid>
<bank_type><![CDATA[CFT]]></bank_type>
<cash_fee><![CDATA[10]]></cash_fee>
<fee_type><![CDATA[CNY]]></fee_type>
<is_subscribe><![CDATA[Y]]></is_subscribe>
<mch_id><![CDATA[1247030201]]></mch_id>
<nonce_str><![CDATA[297f18q7n54dgqkfk648go25ryw4nkrs]]></nonce_str>
<openid><![CDATA[oO5v0svKR2Q6FSUfxapKC5lXX6Q4]]></openid>
<out_trade_no><![CDATA[wx44df58ebfcd5ea71662]]></out_trade_no>
<result_code><![CDATA[SUCCESS]]></result_code>
<return_code><![CDATA[SUCCESS]]></return_code>
<sign><![CDATA[E0172110DB1FFDE35E339AD0D4B60BC5]]></sign>
<time_end><![CDATA[20150721155058]]></time_end>
<total_fee>10</total_fee>
<trade_type><![CDATA[JSAPI]]></trade_type>
<transaction_id><![CDATA[1002200003201507210449429685]]></transaction_id>
</xml>


执行日期：2015-07-21 15:51:31
支付情况：支付成功
微信订单号：wx44df58ebfcd5ea71662
OpenId:oO5v0svKR2Q6FSUfxapKC5lXX6Q4
是否关注公众账号:Y(Y-关注，N-未关注)
交易类型:JSAPI
付款银行:CFT
支付完成时间:20150721155058
修改订单状态失败。

执行日期：2015-07-21 15:52:04
【接收到的notify通知】:
<xml><appid><![CDATA[wx44df58ebfcd5ea71]]></appid>
<bank_type><![CDATA[CFT]]></bank_type>
<cash_fee><![CDATA[10]]></cash_fee>
<fee_type><![CDATA[CNY]]></fee_type>
<is_subscribe><![CDATA[Y]]></is_subscribe>
<mch_id><![CDATA[1247030201]]></mch_id>
<nonce_str><![CDATA[297f18q7n54dgqkfk648go25ryw4nkrs]]></nonce_str>
<openid><![CDATA[oO5v0svKR2Q6FSUfxapKC5lXX6Q4]]></openid>
<out_trade_no><![CDATA[wx44df58ebfcd5ea71662]]></out_trade_no>
<result_code><![CDATA[SUCCESS]]></result_code>
<return_code><![CDATA[SUCCESS]]></return_code>
<sign><![CDATA[E0172110DB1FFDE35E339AD0D4B60BC5]]></sign>
<time_end><![CDATA[20150721155058]]></time_end>
<total_fee>10</total_fee>
<trade_type><![CDATA[JSAPI]]></trade_type>
<transaction_id><![CDATA[1002200003201507210449429685]]></transaction_id>
</xml>


执行日期：2015-07-21 15:52:04
支付情况：支付成功
微信订单号：wx44df58ebfcd5ea71662
OpenId:oO5v0svKR2Q6FSUfxapKC5lXX6Q4
是否关注公众账号:Y(Y-关注，N-未关注)
交易类型:JSAPI
付款银行:CFT
支付完成时间:20150721155058
修改订单状态失败。

执行日期：2015-07-21 15:55:05
【接收到的notify通知】:
<xml><appid><![CDATA[wx44df58ebfcd5ea71]]></appid>
<bank_type><![CDATA[CFT]]></bank_type>
<cash_fee><![CDATA[10]]></cash_fee>
<fee_type><![CDATA[CNY]]></fee_type>
<is_subscribe><![CDATA[Y]]></is_subscribe>
<mch_id><![CDATA[1247030201]]></mch_id>
<nonce_str><![CDATA[297f18q7n54dgqkfk648go25ryw4nkrs]]></nonce_str>
<openid><![CDATA[oO5v0svKR2Q6FSUfxapKC5lXX6Q4]]></openid>
<out_trade_no><![CDATA[wx44df58ebfcd5ea71662]]></out_trade_no>
<result_code><![CDATA[SUCCESS]]></result_code>
<return_code><![CDATA[SUCCESS]]></return_code>
<sign><![CDATA[E0172110DB1FFDE35E339AD0D4B60BC5]]></sign>
<time_end><![CDATA[20150721155058]]></time_end>
<total_fee>10</total_fee>
<trade_type><![CDATA[JSAPI]]></trade_type>
<transaction_id><![CDATA[1002200003201507210449429685]]></transaction_id>
</xml>


执行日期：2015-07-21 15:55:05
支付情况：支付成功
微信订单号：wx44df58ebfcd5ea71662
OpenId:oO5v0svKR2Q6FSUfxapKC5lXX6Q4
是否关注公众账号:Y(Y-关注，N-未关注)
交易类型:JSAPI
付款银行:CFT
支付完成时间:20150721155058
修改订单状态失败。

执行日期：2015-07-21 15:58:15
【接收到的notify通知】:
<xml><appid><![CDATA[wx44df58ebfcd5ea71]]></appid>
<bank_type><![CDATA[CFT]]></bank_type>
<cash_fee><![CDATA[10]]></cash_fee>
<fee_type><![CDATA[CNY]]></fee_type>
<is_subscribe><![CDATA[Y]]></is_subscribe>
<mch_id><![CDATA[1247030201]]></mch_id>
<nonce_str><![CDATA[peyno6u5dvvhqutphgnflc66msd5n6vh]]></nonce_str>
<openid><![CDATA[oO5v0ssFZ3tfCRbQuj6_XIgZ3AWs]]></openid>
<out_trade_no><![CDATA[wx44df58ebfcd5ea716581537]]></out_trade_no>
<result_code><![CDATA[SUCCESS]]></result_code>
<return_code><![CDATA[SUCCESS]]></return_code>
<sign><![CDATA[0266BABCAEF5572B4117C53575193046]]></sign>
<time_end><![CDATA[20150721145406]]></time_end>
<total_fee>10</total_fee>
<trade_type><![CDATA[JSAPI]]></trade_type>
<transaction_id><![CDATA[1006790003201507210449065866]]></transaction_id>
</xml>


执行日期：2015-07-21 15:58:15
支付情况：支付成功
微信订单号：wx44df58ebfcd5ea716581537
OpenId:oO5v0ssFZ3tfCRbQuj6_XIgZ3AWs
是否关注公众账号:Y(Y-关注，N-未关注)
交易类型:JSAPI
付款银行:CFT
支付完成时间:20150721145406
修改订单状态失败。

执行日期：2015-07-21 16:06:30
【接收到的notify通知】:
<xml><appid><![CDATA[wx44df58ebfcd5ea71]]></appid>
<bank_type><![CDATA[CFT]]></bank_type>
<cash_fee><![CDATA[10]]></cash_fee>
<fee_type><![CDATA[CNY]]></fee_type>
<is_subscribe><![CDATA[Y]]></is_subscribe>
<mch_id><![CDATA[1247030201]]></mch_id>
<nonce_str><![CDATA[ynhi806gcyjscv76oadyhu5elbjz8df6]]></nonce_str>
<openid><![CDATA[oO5v0svKR2Q6FSUfxapKC5lXX6Q4]]></openid>
<out_trade_no><![CDATA[wx44df58ebfcd5ea71656]]></out_trade_no>
<result_code><![CDATA[SUCCESS]]></result_code>
<return_code><![CDATA[SUCCESS]]></return_code>
<sign><![CDATA[C17E658B5C63FFE44C42B829386217E8]]></sign>
<time_end><![CDATA[20150721143215]]></time_end>
<total_fee>10</total_fee>
<trade_type><![CDATA[JSAPI]]></trade_type>
<transaction_id><![CDATA[1002200003201507210448912165]]></transaction_id>
</xml>


执行日期：2015-07-21 16:06:30
支付情况：支付成功
微信订单号：wx44df58ebfcd5ea71656
OpenId:oO5v0svKR2Q6FSUfxapKC5lXX6Q4
是否关注公众账号:Y(Y-关注，N-未关注)
交易类型:JSAPI
付款银行:CFT
支付完成时间:20150721143215
修改订单状态失败。

执行日期：2015-07-21 16:12:44
【接收到的notify通知】:
<xml><appid><![CDATA[wx44df58ebfcd5ea71]]></appid>
<bank_type><![CDATA[CFT]]></bank_type>
<cash_fee><![CDATA[1]]></cash_fee>
<fee_type><![CDATA[CNY]]></fee_type>
<is_subscribe><![CDATA[Y]]></is_subscribe>
<mch_id><![CDATA[1247030201]]></mch_id>
<nonce_str><![CDATA[0lfqy9x5mokryr56bar9q1nn4f4zuv9v]]></nonce_str>
<openid><![CDATA[oO5v0skNwLD_z7O7HMEXcYqPJAYU]]></openid>
<out_trade_no><![CDATA[wx44df58ebfcd5ea71660]]></out_trade_no>
<result_code><![CDATA[SUCCESS]]></result_code>
<return_code><![CDATA[SUCCESS]]></return_code>
<sign><![CDATA[ABBF9D2888B8AFDFF3624E01D7D0708D]]></sign>
<time_end><![CDATA[20150721153832]]></time_end>
<total_fee>1</total_fee>
<trade_type><![CDATA[JSAPI]]></trade_type>
<transaction_id><![CDATA[1006030003201507210449346962]]></transaction_id>
</xml>


执行日期：2015-07-21 16:12:44
支付情况：支付成功
微信订单号：wx44df58ebfcd5ea71660
OpenId:oO5v0skNwLD_z7O7HMEXcYqPJAYU
是否关注公众账号:Y(Y-关注，N-未关注)
交易类型:JSAPI
付款银行:CFT
支付完成时间:20150721153832
修改订单状态失败。

执行日期：2015-07-21 16:19:16
【接收到的notify通知】:
<xml><appid><![CDATA[wx44df58ebfcd5ea71]]></appid>
<bank_type><![CDATA[CFT]]></bank_type>
<cash_fee><![CDATA[10]]></cash_fee>
<fee_type><![CDATA[CNY]]></fee_type>
<is_subscribe><![CDATA[Y]]></is_subscribe>
<mch_id><![CDATA[1247030201]]></mch_id>
<nonce_str><![CDATA[02vvueteus9thfpjgdws8ob7l7dw2eif]]></nonce_str>
<openid><![CDATA[oO5v0ssFZ3tfCRbQuj6_XIgZ3AWs]]></openid>
<out_trade_no><![CDATA[wx44df58ebfcd5ea71658]]></out_trade_no>
<result_code><![CDATA[SUCCESS]]></result_code>
<return_code><![CDATA[SUCCESS]]></return_code>
<sign><![CDATA[5B09A49DAF18ACD460983FEF4A17D31A]]></sign>
<time_end><![CDATA[20150721144501]]></time_end>
<total_fee>10</total_fee>
<trade_type><![CDATA[JSAPI]]></trade_type>
<transaction_id><![CDATA[1006790003201507210449000141]]></transaction_id>
</xml>


执行日期：2015-07-21 16:19:16
支付情况：支付成功
微信订单号：wx44df58ebfcd5ea71658
OpenId:oO5v0ssFZ3tfCRbQuj6_XIgZ3AWs
是否关注公众账号:Y(Y-关注，N-未关注)
交易类型:JSAPI
付款银行:CFT
支付完成时间:20150721144501
修改订单状态失败。

执行日期：2015-07-21 16:20:27
【接收到的notify通知】:
<xml><appid><![CDATA[wx44df58ebfcd5ea71]]></appid>
<bank_type><![CDATA[CFT]]></bank_type>
<cash_fee><![CDATA[1]]></cash_fee>
<fee_type><![CDATA[CNY]]></fee_type>
<is_subscribe><![CDATA[Y]]></is_subscribe>
<mch_id><![CDATA[1247030201]]></mch_id>
<nonce_str><![CDATA[snqe5k1n75pexlf6flclk7eyx78r6gk7]]></nonce_str>
<openid><![CDATA[oO5v0skNwLD_z7O7HMEXcYqPJAYU]]></openid>
<out_trade_no><![CDATA[wx44df58ebfcd5ea71661]]></out_trade_no>
<result_code><![CDATA[SUCCESS]]></result_code>
<return_code><![CDATA[SUCCESS]]></return_code>
<sign><![CDATA[A909E1650C3E603ED9B0521DA2125F69]]></sign>
<time_end><![CDATA[20150721154620]]></time_end>
<total_fee>1</total_fee>
<trade_type><![CDATA[JSAPI]]></trade_type>
<transaction_id><![CDATA[1006030003201507210449395364]]></transaction_id>
</xml>


执行日期：2015-07-21 16:20:27
支付情况：支付成功
微信订单号：wx44df58ebfcd5ea71661
OpenId:oO5v0skNwLD_z7O7HMEXcYqPJAYU
是否关注公众账号:Y(Y-关注，N-未关注)
交易类型:JSAPI
付款银行:CFT
支付完成时间:20150721154620
修改订单状态失败。

执行日期：2015-07-21 16:25:08
【接收到的notify通知】:
<xml><appid><![CDATA[wx44df58ebfcd5ea71]]></appid>
<bank_type><![CDATA[CFT]]></bank_type>
<cash_fee><![CDATA[10]]></cash_fee>
<fee_type><![CDATA[CNY]]></fee_type>
<is_subscribe><![CDATA[Y]]></is_subscribe>
<mch_id><![CDATA[1247030201]]></mch_id>
<nonce_str><![CDATA[297f18q7n54dgqkfk648go25ryw4nkrs]]></nonce_str>
<openid><![CDATA[oO5v0svKR2Q6FSUfxapKC5lXX6Q4]]></openid>
<out_trade_no><![CDATA[wx44df58ebfcd5ea71662]]></out_trade_no>
<result_code><![CDATA[SUCCESS]]></result_code>
<return_code><![CDATA[SUCCESS]]></return_code>
<sign><![CDATA[E0172110DB1FFDE35E339AD0D4B60BC5]]></sign>
<time_end><![CDATA[20150721155058]]></time_end>
<total_fee>10</total_fee>
<trade_type><![CDATA[JSAPI]]></trade_type>
<transaction_id><![CDATA[1002200003201507210449429685]]></transaction_id>
</xml>


执行日期：2015-07-21 16:25:08
支付情况：支付成功
微信订单号：wx44df58ebfcd5ea71662
OpenId:oO5v0svKR2Q6FSUfxapKC5lXX6Q4
是否关注公众账号:Y(Y-关注，N-未关注)
交易类型:JSAPI
付款银行:CFT
支付完成时间:20150721155058
修改订单状态失败。

执行日期：2015-07-21 16:28:18
【接收到的notify通知】:
<xml><appid><![CDATA[wx44df58ebfcd5ea71]]></appid>
<bank_type><![CDATA[CFT]]></bank_type>
<cash_fee><![CDATA[10]]></cash_fee>
<fee_type><![CDATA[CNY]]></fee_type>
<is_subscribe><![CDATA[Y]]></is_subscribe>
<mch_id><![CDATA[1247030201]]></mch_id>
<nonce_str><![CDATA[peyno6u5dvvhqutphgnflc66msd5n6vh]]></nonce_str>
<openid><![CDATA[oO5v0ssFZ3tfCRbQuj6_XIgZ3AWs]]></openid>
<out_trade_no><![CDATA[wx44df58ebfcd5ea716581537]]></out_trade_no>
<result_code><![CDATA[SUCCESS]]></result_code>
<return_code><![CDATA[SUCCESS]]></return_code>
<sign><![CDATA[0266BABCAEF5572B4117C53575193046]]></sign>
<time_end><![CDATA[20150721145406]]></time_end>
<total_fee>10</total_fee>
<trade_type><![CDATA[JSAPI]]></trade_type>
<transaction_id><![CDATA[1006790003201507210449065866]]></transaction_id>
</xml>


执行日期：2015-07-21 16:28:18
支付情况：支付成功
微信订单号：wx44df58ebfcd5ea716581537
OpenId:oO5v0ssFZ3tfCRbQuj6_XIgZ3AWs
是否关注公众账号:Y(Y-关注，N-未关注)
交易类型:JSAPI
付款银行:CFT
支付完成时间:20150721145406
修改订单状态失败。

执行日期：2015-07-21 16:36:34
【接收到的notify通知】:
<xml><appid><![CDATA[wx44df58ebfcd5ea71]]></appid>
<bank_type><![CDATA[CFT]]></bank_type>
<cash_fee><![CDATA[10]]></cash_fee>
<fee_type><![CDATA[CNY]]></fee_type>
<is_subscribe><![CDATA[Y]]></is_subscribe>
<mch_id><![CDATA[1247030201]]></mch_id>
<nonce_str><![CDATA[ynhi806gcyjscv76oadyhu5elbjz8df6]]></nonce_str>
<openid><![CDATA[oO5v0svKR2Q6FSUfxapKC5lXX6Q4]]></openid>
<out_trade_no><![CDATA[wx44df58ebfcd5ea71656]]></out_trade_no>
<result_code><![CDATA[SUCCESS]]></result_code>
<return_code><![CDATA[SUCCESS]]></return_code>
<sign><![CDATA[C17E658B5C63FFE44C42B829386217E8]]></sign>
<time_end><![CDATA[20150721143215]]></time_end>
<total_fee>10</total_fee>
<trade_type><![CDATA[JSAPI]]></trade_type>
<transaction_id><![CDATA[1002200003201507210448912165]]></transaction_id>
</xml>


执行日期：2015-07-21 16:36:34
支付情况：支付成功
微信订单号：wx44df58ebfcd5ea71656
OpenId:oO5v0svKR2Q6FSUfxapKC5lXX6Q4
是否关注公众账号:Y(Y-关注，N-未关注)
交易类型:JSAPI
付款银行:CFT
支付完成时间:20150721143215
修改订单状态失败。

执行日期：2015-07-21 16:42:46
【接收到的notify通知】:
<xml><appid><![CDATA[wx44df58ebfcd5ea71]]></appid>
<bank_type><![CDATA[CFT]]></bank_type>
<cash_fee><![CDATA[1]]></cash_fee>
<fee_type><![CDATA[CNY]]></fee_type>
<is_subscribe><![CDATA[Y]]></is_subscribe>
<mch_id><![CDATA[1247030201]]></mch_id>
<nonce_str><![CDATA[0lfqy9x5mokryr56bar9q1nn4f4zuv9v]]></nonce_str>
<openid><![CDATA[oO5v0skNwLD_z7O7HMEXcYqPJAYU]]></openid>
<out_trade_no><![CDATA[wx44df58ebfcd5ea71660]]></out_trade_no>
<result_code><![CDATA[SUCCESS]]></result_code>
<return_code><![CDATA[SUCCESS]]></return_code>
<sign><![CDATA[ABBF9D2888B8AFDFF3624E01D7D0708D]]></sign>
<time_end><![CDATA[20150721153832]]></time_end>
<total_fee>1</total_fee>
<trade_type><![CDATA[JSAPI]]></trade_type>
<transaction_id><![CDATA[1006030003201507210449346962]]></transaction_id>
</xml>


执行日期：2015-07-21 16:42:46
支付情况：支付成功
微信订单号：wx44df58ebfcd5ea71660
OpenId:oO5v0skNwLD_z7O7HMEXcYqPJAYU
是否关注公众账号:Y(Y-关注，N-未关注)
交易类型:JSAPI
付款银行:CFT
支付完成时间:20150721153832
修改订单状态失败。

执行日期：2015-07-21 16:49:19
【接收到的notify通知】:
<xml><appid><![CDATA[wx44df58ebfcd5ea71]]></appid>
<bank_type><![CDATA[CFT]]></bank_type>
<cash_fee><![CDATA[10]]></cash_fee>
<fee_type><![CDATA[CNY]]></fee_type>
<is_subscribe><![CDATA[Y]]></is_subscribe>
<mch_id><![CDATA[1247030201]]></mch_id>
<nonce_str><![CDATA[02vvueteus9thfpjgdws8ob7l7dw2eif]]></nonce_str>
<openid><![CDATA[oO5v0ssFZ3tfCRbQuj6_XIgZ3AWs]]></openid>
<out_trade_no><![CDATA[wx44df58ebfcd5ea71658]]></out_trade_no>
<result_code><![CDATA[SUCCESS]]></result_code>
<return_code><![CDATA[SUCCESS]]></return_code>
<sign><![CDATA[5B09A49DAF18ACD460983FEF4A17D31A]]></sign>
<time_end><![CDATA[20150721144501]]></time_end>
<total_fee>10</total_fee>
<trade_type><![CDATA[JSAPI]]></trade_type>
<transaction_id><![CDATA[1006790003201507210449000141]]></transaction_id>
</xml>


执行日期：2015-07-21 16:49:19
支付情况：支付成功
微信订单号：wx44df58ebfcd5ea71658
OpenId:oO5v0ssFZ3tfCRbQuj6_XIgZ3AWs
是否关注公众账号:Y(Y-关注，N-未关注)
交易类型:JSAPI
付款银行:CFT
支付完成时间:20150721144501
修改订单状态失败。

执行日期：2015-07-21 16:50:30
【接收到的notify通知】:
<xml><appid><![CDATA[wx44df58ebfcd5ea71]]></appid>
<bank_type><![CDATA[CFT]]></bank_type>
<cash_fee><![CDATA[1]]></cash_fee>
<fee_type><![CDATA[CNY]]></fee_type>
<is_subscribe><![CDATA[Y]]></is_subscribe>
<mch_id><![CDATA[1247030201]]></mch_id>
<nonce_str><![CDATA[snqe5k1n75pexlf6flclk7eyx78r6gk7]]></nonce_str>
<openid><![CDATA[oO5v0skNwLD_z7O7HMEXcYqPJAYU]]></openid>
<out_trade_no><![CDATA[wx44df58ebfcd5ea71661]]></out_trade_no>
<result_code><![CDATA[SUCCESS]]></result_code>
<return_code><![CDATA[SUCCESS]]></return_code>
<sign><![CDATA[A909E1650C3E603ED9B0521DA2125F69]]></sign>
<time_end><![CDATA[20150721154620]]></time_end>
<total_fee>1</total_fee>
<trade_type><![CDATA[JSAPI]]></trade_type>
<transaction_id><![CDATA[1006030003201507210449395364]]></transaction_id>
</xml>


执行日期：2015-07-21 16:50:30
支付情况：支付成功
微信订单号：wx44df58ebfcd5ea71661
OpenId:oO5v0skNwLD_z7O7HMEXcYqPJAYU
是否关注公众账号:Y(Y-关注，N-未关注)
交易类型:JSAPI
付款银行:CFT
支付完成时间:20150721154620
修改订单状态失败。

执行日期：2015-07-21 16:50:55
【接收到的notify通知】:
<xml><appid><![CDATA[wx44df58ebfcd5ea71]]></appid>
<bank_type><![CDATA[CFT]]></bank_type>
<cash_fee><![CDATA[10]]></cash_fee>
<fee_type><![CDATA[CNY]]></fee_type>
<is_subscribe><![CDATA[Y]]></is_subscribe>
<mch_id><![CDATA[1247030201]]></mch_id>
<nonce_str><![CDATA[u494jzee8kupeax7rt4v9n27ujm29ymi]]></nonce_str>
<openid><![CDATA[oO5v0skNwLD_z7O7HMEXcYqPJAYU]]></openid>
<out_trade_no><![CDATA[wx44df58ebfcd5ea71664]]></out_trade_no>
<result_code><![CDATA[SUCCESS]]></result_code>
<return_code><![CDATA[SUCCESS]]></return_code>
<sign><![CDATA[BA243AA8560DB3ACCE96B4A26BEECC04]]></sign>
<time_end><![CDATA[20150721165055]]></time_end>
<total_fee>10</total_fee>
<trade_type><![CDATA[JSAPI]]></trade_type>
<transaction_id><![CDATA[1006030003201507210449815375]]></transaction_id>
</xml>


执行日期：2015-07-21 16:50:55
支付情况：支付成功
微信订单号：wx44df58ebfcd5ea71664
OpenId:oO5v0skNwLD_z7O7HMEXcYqPJAYU
是否关注公众账号:Y(Y-关注，N-未关注)
交易类型:JSAPI
付款银行:CFT
支付完成时间:20150721165055
修改订单状态失败。

执行日期：2015-07-21 16:51:06
【接收到的notify通知】:
<xml><appid><![CDATA[wx44df58ebfcd5ea71]]></appid>
<bank_type><![CDATA[CFT]]></bank_type>
<cash_fee><![CDATA[10]]></cash_fee>
<fee_type><![CDATA[CNY]]></fee_type>
<is_subscribe><![CDATA[Y]]></is_subscribe>
<mch_id><![CDATA[1247030201]]></mch_id>
<nonce_str><![CDATA[u494jzee8kupeax7rt4v9n27ujm29ymi]]></nonce_str>
<openid><![CDATA[oO5v0skNwLD_z7O7HMEXcYqPJAYU]]></openid>
<out_trade_no><![CDATA[wx44df58ebfcd5ea71664]]></out_trade_no>
<result_code><![CDATA[SUCCESS]]></result_code>
<return_code><![CDATA[SUCCESS]]></return_code>
<sign><![CDATA[BA243AA8560DB3ACCE96B4A26BEECC04]]></sign>
<time_end><![CDATA[20150721165055]]></time_end>
<total_fee>10</total_fee>
<trade_type><![CDATA[JSAPI]]></trade_type>
<transaction_id><![CDATA[1006030003201507210449815375]]></transaction_id>
</xml>


执行日期：2015-07-21 16:51:06
支付情况：支付成功
微信订单号：wx44df58ebfcd5ea71664
OpenId:oO5v0skNwLD_z7O7HMEXcYqPJAYU
是否关注公众账号:Y(Y-关注，N-未关注)
交易类型:JSAPI
付款银行:CFT
支付完成时间:20150721165055
修改订单状态失败。

执行日期：2015-07-21 16:51:23
【接收到的notify通知】:
<xml><appid><![CDATA[wx44df58ebfcd5ea71]]></appid>
<bank_type><![CDATA[CFT]]></bank_type>
<cash_fee><![CDATA[10]]></cash_fee>
<fee_type><![CDATA[CNY]]></fee_type>
<is_subscribe><![CDATA[Y]]></is_subscribe>
<mch_id><![CDATA[1247030201]]></mch_id>
<nonce_str><![CDATA[u494jzee8kupeax7rt4v9n27ujm29ymi]]></nonce_str>
<openid><![CDATA[oO5v0skNwLD_z7O7HMEXcYqPJAYU]]></openid>
<out_trade_no><![CDATA[wx44df58ebfcd5ea71664]]></out_trade_no>
<result_code><![CDATA[SUCCESS]]></result_code>
<return_code><![CDATA[SUCCESS]]></return_code>
<sign><![CDATA[BA243AA8560DB3ACCE96B4A26BEECC04]]></sign>
<time_end><![CDATA[20150721165055]]></time_end>
<total_fee>10</total_fee>
<trade_type><![CDATA[JSAPI]]></trade_type>
<transaction_id><![CDATA[1006030003201507210449815375]]></transaction_id>
</xml>


执行日期：2015-07-21 16:51:23
支付情况：支付成功
微信订单号：wx44df58ebfcd5ea71664
OpenId:oO5v0skNwLD_z7O7HMEXcYqPJAYU
是否关注公众账号:Y(Y-关注，N-未关注)
交易类型:JSAPI
付款银行:CFT
支付完成时间:20150721165055
修改订单状态失败。

执行日期：2015-07-21 16:51:54
【接收到的notify通知】:
<xml><appid><![CDATA[wx44df58ebfcd5ea71]]></appid>
<bank_type><![CDATA[CFT]]></bank_type>
<cash_fee><![CDATA[10]]></cash_fee>
<fee_type><![CDATA[CNY]]></fee_type>
<is_subscribe><![CDATA[Y]]></is_subscribe>
<mch_id><![CDATA[1247030201]]></mch_id>
<nonce_str><![CDATA[u494jzee8kupeax7rt4v9n27ujm29ymi]]></nonce_str>
<openid><![CDATA[oO5v0skNwLD_z7O7HMEXcYqPJAYU]]></openid>
<out_trade_no><![CDATA[wx44df58ebfcd5ea71664]]></out_trade_no>
<result_code><![CDATA[SUCCESS]]></result_code>
<return_code><![CDATA[SUCCESS]]></return_code>
<sign><![CDATA[BA243AA8560DB3ACCE96B4A26BEECC04]]></sign>
<time_end><![CDATA[20150721165055]]></time_end>
<total_fee>10</total_fee>
<trade_type><![CDATA[JSAPI]]></trade_type>
<transaction_id><![CDATA[1006030003201507210449815375]]></transaction_id>
</xml>


执行日期：2015-07-21 16:51:54
支付情况：支付成功
微信订单号：wx44df58ebfcd5ea71664
OpenId:oO5v0skNwLD_z7O7HMEXcYqPJAYU
是否关注公众账号:Y(Y-关注，N-未关注)
交易类型:JSAPI
付款银行:CFT
支付完成时间:20150721165055
修改订单状态失败。

执行日期：2015-07-21 16:54:56
【接收到的notify通知】:
<xml><appid><![CDATA[wx44df58ebfcd5ea71]]></appid>
<bank_type><![CDATA[CFT]]></bank_type>
<cash_fee><![CDATA[10]]></cash_fee>
<fee_type><![CDATA[CNY]]></fee_type>
<is_subscribe><![CDATA[Y]]></is_subscribe>
<mch_id><![CDATA[1247030201]]></mch_id>
<nonce_str><![CDATA[u494jzee8kupeax7rt4v9n27ujm29ymi]]></nonce_str>
<openid><![CDATA[oO5v0skNwLD_z7O7HMEXcYqPJAYU]]></openid>
<out_trade_no><![CDATA[wx44df58ebfcd5ea71664]]></out_trade_no>
<result_code><![CDATA[SUCCESS]]></result_code>
<return_code><![CDATA[SUCCESS]]></return_code>
<sign><![CDATA[BA243AA8560DB3ACCE96B4A26BEECC04]]></sign>
<time_end><![CDATA[20150721165055]]></time_end>
<total_fee>10</total_fee>
<trade_type><![CDATA[JSAPI]]></trade_type>
<transaction_id><![CDATA[1006030003201507210449815375]]></transaction_id>
</xml>


执行日期：2015-07-21 16:54:56
支付情况：支付成功
微信订单号：wx44df58ebfcd5ea71664
OpenId:oO5v0skNwLD_z7O7HMEXcYqPJAYU
是否关注公众账号:Y(Y-关注，N-未关注)
交易类型:JSAPI
付款银行:CFT
支付完成时间:20150721165055
修改订单状态失败。

执行日期：2015-07-21 16:55:11
【接收到的notify通知】:
<xml><appid><![CDATA[wx44df58ebfcd5ea71]]></appid>
<bank_type><![CDATA[CFT]]></bank_type>
<cash_fee><![CDATA[10]]></cash_fee>
<fee_type><![CDATA[CNY]]></fee_type>
<is_subscribe><![CDATA[Y]]></is_subscribe>
<mch_id><![CDATA[1247030201]]></mch_id>
<nonce_str><![CDATA[297f18q7n54dgqkfk648go25ryw4nkrs]]></nonce_str>
<openid><![CDATA[oO5v0svKR2Q6FSUfxapKC5lXX6Q4]]></openid>
<out_trade_no><![CDATA[wx44df58ebfcd5ea71662]]></out_trade_no>
<result_code><![CDATA[SUCCESS]]></result_code>
<return_code><![CDATA[SUCCESS]]></return_code>
<sign><![CDATA[E0172110DB1FFDE35E339AD0D4B60BC5]]></sign>
<time_end><![CDATA[20150721155058]]></time_end>
<total_fee>10</total_fee>
<trade_type><![CDATA[JSAPI]]></trade_type>
<transaction_id><![CDATA[1002200003201507210449429685]]></transaction_id>
</xml>


执行日期：2015-07-21 16:55:11
支付情况：支付成功
微信订单号：wx44df58ebfcd5ea71662
OpenId:oO5v0svKR2Q6FSUfxapKC5lXX6Q4
是否关注公众账号:Y(Y-关注，N-未关注)
交易类型:JSAPI
付款银行:CFT
支付完成时间:20150721155058
修改订单状态失败。

执行日期：2015-07-21 16:58:21
【接收到的notify通知】:
<xml><appid><![CDATA[wx44df58ebfcd5ea71]]></appid>
<bank_type><![CDATA[CFT]]></bank_type>
<cash_fee><![CDATA[10]]></cash_fee>
<fee_type><![CDATA[CNY]]></fee_type>
<is_subscribe><![CDATA[Y]]></is_subscribe>
<mch_id><![CDATA[1247030201]]></mch_id>
<nonce_str><![CDATA[peyno6u5dvvhqutphgnflc66msd5n6vh]]></nonce_str>
<openid><![CDATA[oO5v0ssFZ3tfCRbQuj6_XIgZ3AWs]]></openid>
<out_trade_no><![CDATA[wx44df58ebfcd5ea716581537]]></out_trade_no>
<result_code><![CDATA[SUCCESS]]></result_code>
<return_code><![CDATA[SUCCESS]]></return_code>
<sign><![CDATA[0266BABCAEF5572B4117C53575193046]]></sign>
<time_end><![CDATA[20150721145406]]></time_end>
<total_fee>10</total_fee>
<trade_type><![CDATA[JSAPI]]></trade_type>
<transaction_id><![CDATA[1006790003201507210449065866]]></transaction_id>
</xml>


执行日期：2015-07-21 16:58:21
支付情况：支付成功
微信订单号：wx44df58ebfcd5ea716581537
OpenId:oO5v0ssFZ3tfCRbQuj6_XIgZ3AWs
是否关注公众账号:Y(Y-关注，N-未关注)
交易类型:JSAPI
付款银行:CFT
支付完成时间:20150721145406
修改订单状态失败。

