执行日期：2014-09-03-09：46：59
【接收到的notify通知】:
<xml><appid><![CDATA[wxf5b5e87a6a0fde94]]></appid>
<bank_type><![CDATA[CFT]]></bank_type>
<fee_type><![CDATA[CNY]]></fee_type>
<is_subscribe><![CDATA[N]]></is_subscribe>
<mch_id><![CDATA[10000097]]></mch_id>
<nonce_str><![CDATA[dz8nirk7gmxhhxn38zgib28yx14ul2gf]]></nonce_str>
<openid><![CDATA[ozoKAt-MmA74zs7MBafCix6Dg8o0]]></openid>
<out_trade_no><![CDATA[wxf5b5e87a6a0fde941409708791]]></out_trade_no>
<result_code><![CDATA[SUCCESS]]></result_code>
<return_code><![CDATA[SUCCESS]]></return_code>
<sign><![CDATA[EDACA525F6C675337B2DAC25B7145028]]></sign>
<sub_mch_id><![CDATA[10000097]]></sub_mch_id>
<time_end><![CDATA[20140903094659]]></time_end>
<total_fee>1</total_fee>
<trade_type><![CDATA[NATIVE]]></trade_type>
<transaction_id><![CDATA[1004400737201409030005091526]]></transaction_id>
</xml>


执行日期：2014-09-03-09：46：59
【支付成功】:
<xml><appid><![CDATA[wxf5b5e87a6a0fde94]]></appid>
<bank_type><![CDATA[CFT]]></bank_type>
<fee_type><![CDATA[CNY]]></fee_type>
<is_subscribe><![CDATA[N]]></is_subscribe>
<mch_id><![CDATA[10000097]]></mch_id>
<nonce_str><![CDATA[dz8nirk7gmxhhxn38zgib28yx14ul2gf]]></nonce_str>
<openid><![CDATA[ozoKAt-MmA74zs7MBafCix6Dg8o0]]></openid>
<out_trade_no><![CDATA[wxf5b5e87a6a0fde941409708791]]></out_trade_no>
<result_code><![CDATA[SUCCESS]]></result_code>
<return_code><![CDATA[SUCCESS]]></return_code>
<sign><![CDATA[EDACA525F6C675337B2DAC25B7145028]]></sign>
<sub_mch_id><![CDATA[10000097]]></sub_mch_id>
<time_end><![CDATA[20140903094659]]></time_end>
<total_fee>1</total_fee>
<trade_type><![CDATA[NATIVE]]></trade_type>
<transaction_id><![CDATA[1004400737201409030005091526]]></transaction_id>
</xml>


执行日期：2014-09-03-09：52：07
【接收到的notify通知】:



执行日期：2014-09-03-10：15：27
【接收到的notify通知】:



执行日期：2014-09-03-10：25：41
【接收到的notify通知】:
<xml><appid><![CDATA[wxf5b5e87a6a0fde94]]></appid>
<bank_type><![CDATA[CFT]]></bank_type>
<fee_type><![CDATA[CNY]]></fee_type>
<is_subscribe><![CDATA[N]]></is_subscribe>
<mch_id><![CDATA[10000097]]></mch_id>
<nonce_str><![CDATA[l399dq3x98zfnzvkmjyybhfme8xpw9ws]]></nonce_str>
<openid><![CDATA[ozoKAt-MmA74zs7MBafCix6Dg8o0]]></openid>
<out_trade_no><![CDATA[wxf5b5e87a6a0fde941409711119]]></out_trade_no>
<result_code><![CDATA[SUCCESS]]></result_code>
<return_code><![CDATA[SUCCESS]]></return_code>
<sign><![CDATA[0F8620FF980BED05C20AFD78646098E2]]></sign>
<sub_mch_id><![CDATA[10000097]]></sub_mch_id>
<time_end><![CDATA[20140903102540]]></time_end>
<total_fee>1</total_fee>
<trade_type><![CDATA[NATIVE]]></trade_type>
<transaction_id><![CDATA[1004400737201409030005088180]]></transaction_id>
</xml>


执行日期：2014-09-03-10：25：41
【支付成功】:
<xml><appid><![CDATA[wxf5b5e87a6a0fde94]]></appid>
<bank_type><![CDATA[CFT]]></bank_type>
<fee_type><![CDATA[CNY]]></fee_type>
<is_subscribe><![CDATA[N]]></is_subscribe>
<mch_id><![CDATA[10000097]]></mch_id>
<nonce_str><![CDATA[l399dq3x98zfnzvkmjyybhfme8xpw9ws]]></nonce_str>
<openid><![CDATA[ozoKAt-MmA74zs7MBafCix6Dg8o0]]></openid>
<out_trade_no><![CDATA[wxf5b5e87a6a0fde941409711119]]></out_trade_no>
<result_code><![CDATA[SUCCESS]]></result_code>
<return_code><![CDATA[SUCCESS]]></return_code>
<sign><![CDATA[0F8620FF980BED05C20AFD78646098E2]]></sign>
<sub_mch_id><![CDATA[10000097]]></sub_mch_id>
<time_end><![CDATA[20140903102540]]></time_end>
<total_fee>1</total_fee>
<trade_type><![CDATA[NATIVE]]></trade_type>
<transaction_id><![CDATA[1004400737201409030005088180]]></transaction_id>
</xml>


执行日期：2014-09-03-12：58：16
【接收到的notify通知】:
<xml><appid><![CDATA[wxf5b5e87a6a0fde94]]></appid>
<bank_type><![CDATA[CFT]]></bank_type>
<fee_type><![CDATA[CNY]]></fee_type>
<is_subscribe><![CDATA[N]]></is_subscribe>
<mch_id><![CDATA[10000097]]></mch_id>
<nonce_str><![CDATA[zjdmq3zooztpb3t97vs98lu9n82i2w30]]></nonce_str>
<openid><![CDATA[ozoKAt-MmA74zs7MBafCix6Dg8o0]]></openid>
<out_trade_no><![CDATA[wxf5b5e87a6a0fde941409720287]]></out_trade_no>
<result_code><![CDATA[SUCCESS]]></result_code>
<return_code><![CDATA[SUCCESS]]></return_code>
<sign><![CDATA[D1FC9907C663C90441C42F5630EC4BB6]]></sign>
<sub_mch_id><![CDATA[10000097]]></sub_mch_id>
<time_end><![CDATA[20140903125815]]></time_end>
<total_fee>1</total_fee>
<trade_type><![CDATA[NATIVE]]></trade_type>
<transaction_id><![CDATA[1004400737201409030005092546]]></transaction_id>
</xml>


执行日期：2014-09-03-12：58：16
【支付成功】:
<xml><appid><![CDATA[wxf5b5e87a6a0fde94]]></appid>
<bank_type><![CDATA[CFT]]></bank_type>
<fee_type><![CDATA[CNY]]></fee_type>
<is_subscribe><![CDATA[N]]></is_subscribe>
<mch_id><![CDATA[10000097]]></mch_id>
<nonce_str><![CDATA[zjdmq3zooztpb3t97vs98lu9n82i2w30]]></nonce_str>
<openid><![CDATA[ozoKAt-MmA74zs7MBafCix6Dg8o0]]></openid>
<out_trade_no><![CDATA[wxf5b5e87a6a0fde941409720287]]></out_trade_no>
<result_code><![CDATA[SUCCESS]]></result_code>
<return_code><![CDATA[SUCCESS]]></return_code>
<sign><![CDATA[D1FC9907C663C90441C42F5630EC4BB6]]></sign>
<sub_mch_id><![CDATA[10000097]]></sub_mch_id>
<time_end><![CDATA[20140903125815]]></time_end>
<total_fee>1</total_fee>
<trade_type><![CDATA[NATIVE]]></trade_type>
<transaction_id><![CDATA[1004400737201409030005092546]]></transaction_id>
</xml>


执行日期：2014-09-03-12：58：38
【接收到的notify通知】:
<xml><appid><![CDATA[wxf5b5e87a6a0fde94]]></appid>
<bank_type><![CDATA[CFT]]></bank_type>
<fee_type><![CDATA[CNY]]></fee_type>
<is_subscribe><![CDATA[N]]></is_subscribe>
<mch_id><![CDATA[10000097]]></mch_id>
<nonce_str><![CDATA[k1rfe2krf1syhrwvjotk35do3aqgcah3]]></nonce_str>
<openid><![CDATA[ozoKAt-MmA74zs7MBafCix6Dg8o0]]></openid>
<out_trade_no><![CDATA[wxf5b5e87a6a0fde941409720303]]></out_trade_no>
<result_code><![CDATA[SUCCESS]]></result_code>
<return_code><![CDATA[SUCCESS]]></return_code>
<sign><![CDATA[A03C6B584DF1925C6A4FF56A4982F07A]]></sign>
<sub_mch_id><![CDATA[10000097]]></sub_mch_id>
<time_end><![CDATA[20140903125838]]></time_end>
<total_fee>1</total_fee>
<trade_type><![CDATA[NATIVE]]></trade_type>
<transaction_id><![CDATA[1004400737201409030005088363]]></transaction_id>
</xml>


执行日期：2014-09-03-12：58：38
【支付成功】:
<xml><appid><![CDATA[wxf5b5e87a6a0fde94]]></appid>
<bank_type><![CDATA[CFT]]></bank_type>
<fee_type><![CDATA[CNY]]></fee_type>
<is_subscribe><![CDATA[N]]></is_subscribe>
<mch_id><![CDATA[10000097]]></mch_id>
<nonce_str><![CDATA[k1rfe2krf1syhrwvjotk35do3aqgcah3]]></nonce_str>
<openid><![CDATA[ozoKAt-MmA74zs7MBafCix6Dg8o0]]></openid>
<out_trade_no><![CDATA[wxf5b5e87a6a0fde941409720303]]></out_trade_no>
<result_code><![CDATA[SUCCESS]]></result_code>
<return_code><![CDATA[SUCCESS]]></return_code>
<sign><![CDATA[A03C6B584DF1925C6A4FF56A4982F07A]]></sign>
<sub_mch_id><![CDATA[10000097]]></sub_mch_id>
<time_end><![CDATA[20140903125838]]></time_end>
<total_fee>1</total_fee>
<trade_type><![CDATA[NATIVE]]></trade_type>
<transaction_id><![CDATA[1004400737201409030005088363]]></transaction_id>
</xml>


执行日期：2014-09-03-15：23：37
【接收到的notify通知】:
<xml><appid><![CDATA[wxf5b5e87a6a0fde94]]></appid>
<bank_type><![CDATA[CFT]]></bank_type>
<fee_type><![CDATA[CNY]]></fee_type>
<is_subscribe><![CDATA[N]]></is_subscribe>
<mch_id><![CDATA[10000097]]></mch_id>
<nonce_str><![CDATA[visug9gr3d8awvfaudlbrpbfx7aaq1m9]]></nonce_str>
<openid><![CDATA[ozoKAt-MmA74zs7MBafCix6Dg8o0]]></openid>
<out_trade_no><![CDATA[wxf5b5e87a6a0fde941409729008]]></out_trade_no>
<result_code><![CDATA[SUCCESS]]></result_code>
<return_code><![CDATA[SUCCESS]]></return_code>
<sign><![CDATA[04A348DC6D9C0107BB7DE7AACCC500E8]]></sign>
<sub_mch_id><![CDATA[10000097]]></sub_mch_id>
<time_end><![CDATA[20140903152337]]></time_end>
<total_fee>1</total_fee>
<trade_type><![CDATA[JSAPI]]></trade_type>
<transaction_id><![CDATA[1004400737201409030005092382]]></transaction_id>
</xml>


执行日期：2014-09-03-15：23：37
【支付成功】:
<xml><appid><![CDATA[wxf5b5e87a6a0fde94]]></appid>
<bank_type><![CDATA[CFT]]></bank_type>
<fee_type><![CDATA[CNY]]></fee_type>
<is_subscribe><![CDATA[N]]></is_subscribe>
<mch_id><![CDATA[10000097]]></mch_id>
<nonce_str><![CDATA[visug9gr3d8awvfaudlbrpbfx7aaq1m9]]></nonce_str>
<openid><![CDATA[ozoKAt-MmA74zs7MBafCix6Dg8o0]]></openid>
<out_trade_no><![CDATA[wxf5b5e87a6a0fde941409729008]]></out_trade_no>
<result_code><![CDATA[SUCCESS]]></result_code>
<return_code><![CDATA[SUCCESS]]></return_code>
<sign><![CDATA[04A348DC6D9C0107BB7DE7AACCC500E8]]></sign>
<sub_mch_id><![CDATA[10000097]]></sub_mch_id>
<time_end><![CDATA[20140903152337]]></time_end>
<total_fee>1</total_fee>
<trade_type><![CDATA[JSAPI]]></trade_type>
<transaction_id><![CDATA[1004400737201409030005092382]]></transaction_id>
</xml>


执行日期：2014-09-03-16：27：05
【接收到的notify通知】:
<xml><appid><![CDATA[wxf5b5e87a6a0fde94]]></appid>
<bank_type><![CDATA[CFT]]></bank_type>
<fee_type><![CDATA[CNY]]></fee_type>
<is_subscribe><![CDATA[N]]></is_subscribe>
<mch_id><![CDATA[10000097]]></mch_id>
<nonce_str><![CDATA[73ydlecbrc6d9uw1dti78ulqcuytqvrd]]></nonce_str>
<openid><![CDATA[ozoKAt-MmA74zs7MBafCix6Dg8o0]]></openid>
<out_trade_no><![CDATA[wxf5b5e87a6a0fde941409732816]]></out_trade_no>
<result_code><![CDATA[SUCCESS]]></result_code>
<return_code><![CDATA[SUCCESS]]></return_code>
<sign><![CDATA[D9C048A726AB1341E20929A5F9C09076]]></sign>
<sub_mch_id><![CDATA[10000097]]></sub_mch_id>
<time_end><![CDATA[20140903162705]]></time_end>
<total_fee>1</total_fee>
<trade_type><![CDATA[JSAPI]]></trade_type>
<transaction_id><![CDATA[1004400737201409030005092583]]></transaction_id>
</xml>


执行日期：2014-09-03-16：27：05
【支付成功】:
<xml><appid><![CDATA[wxf5b5e87a6a0fde94]]></appid>
<bank_type><![CDATA[CFT]]></bank_type>
<fee_type><![CDATA[CNY]]></fee_type>
<is_subscribe><![CDATA[N]]></is_subscribe>
<mch_id><![CDATA[10000097]]></mch_id>
<nonce_str><![CDATA[73ydlecbrc6d9uw1dti78ulqcuytqvrd]]></nonce_str>
<openid><![CDATA[ozoKAt-MmA74zs7MBafCix6Dg8o0]]></openid>
<out_trade_no><![CDATA[wxf5b5e87a6a0fde941409732816]]></out_trade_no>
<result_code><![CDATA[SUCCESS]]></result_code>
<return_code><![CDATA[SUCCESS]]></return_code>
<sign><![CDATA[D9C048A726AB1341E20929A5F9C09076]]></sign>
<sub_mch_id><![CDATA[10000097]]></sub_mch_id>
<time_end><![CDATA[20140903162705]]></time_end>
<total_fee>1</total_fee>
<trade_type><![CDATA[JSAPI]]></trade_type>
<transaction_id><![CDATA[1004400737201409030005092583]]></transaction_id>
</xml>


执行日期：2014-09-03-16：29：48
【接收到的notify通知】:
<xml><appid><![CDATA[wxf5b5e87a6a0fde94]]></appid>
<bank_type><![CDATA[CFT]]></bank_type>
<fee_type><![CDATA[CNY]]></fee_type>
<is_subscribe><![CDATA[N]]></is_subscribe>
<mch_id><![CDATA[10000097]]></mch_id>
<nonce_str><![CDATA[chb8arfq1tqfzm0c2hbo2awwu9c070pm]]></nonce_str>
<openid><![CDATA[ozoKAt-MmA74zs7MBafCix6Dg8o0]]></openid>
<out_trade_no><![CDATA[wxf5b5e87a6a0fde941409732979]]></out_trade_no>
<result_code><![CDATA[SUCCESS]]></result_code>
<return_code><![CDATA[SUCCESS]]></return_code>
<sign><![CDATA[0882C58B02C6FB1EACD7A024318237DA]]></sign>
<sub_mch_id><![CDATA[10000097]]></sub_mch_id>
<time_end><![CDATA[20140903162947]]></time_end>
<total_fee>1</total_fee>
<trade_type><![CDATA[NATIVE]]></trade_type>
<transaction_id><![CDATA[1004400737201409030005092843]]></transaction_id>
</xml>


执行日期：2014-09-03-16：29：48
【支付成功】:
<xml><appid><![CDATA[wxf5b5e87a6a0fde94]]></appid>
<bank_type><![CDATA[CFT]]></bank_type>
<fee_type><![CDATA[CNY]]></fee_type>
<is_subscribe><![CDATA[N]]></is_subscribe>
<mch_id><![CDATA[10000097]]></mch_id>
<nonce_str><![CDATA[chb8arfq1tqfzm0c2hbo2awwu9c070pm]]></nonce_str>
<openid><![CDATA[ozoKAt-MmA74zs7MBafCix6Dg8o0]]></openid>
<out_trade_no><![CDATA[wxf5b5e87a6a0fde941409732979]]></out_trade_no>
<result_code><![CDATA[SUCCESS]]></result_code>
<return_code><![CDATA[SUCCESS]]></return_code>
<sign><![CDATA[0882C58B02C6FB1EACD7A024318237DA]]></sign>
<sub_mch_id><![CDATA[10000097]]></sub_mch_id>
<time_end><![CDATA[20140903162947]]></time_end>
<total_fee>1</total_fee>
<trade_type><![CDATA[NATIVE]]></trade_type>
<transaction_id><![CDATA[1004400737201409030005092843]]></transaction_id>
</xml>


执行日期：2014-09-03-16：30：10
【接收到的notify通知】:
<xml><appid><![CDATA[wxf5b5e87a6a0fde94]]></appid>
<bank_type><![CDATA[CFT]]></bank_type>
<fee_type><![CDATA[CNY]]></fee_type>
<is_subscribe><![CDATA[N]]></is_subscribe>
<mch_id><![CDATA[10000097]]></mch_id>
<nonce_str><![CDATA[m92hzxx4qg371vdm95sv3i2zh7u9h242]]></nonce_str>
<openid><![CDATA[ozoKAt-MmA74zs7MBafCix6Dg8o0]]></openid>
<out_trade_no><![CDATA[wxf5b5e87a6a0fde941409732994]]></out_trade_no>
<result_code><![CDATA[SUCCESS]]></result_code>
<return_code><![CDATA[SUCCESS]]></return_code>
<sign><![CDATA[1B51E1AA31DB0AB64200E4F75752A610]]></sign>
<sub_mch_id><![CDATA[10000097]]></sub_mch_id>
<time_end><![CDATA[20140903163009]]></time_end>
<total_fee>1</total_fee>
<trade_type><![CDATA[NATIVE]]></trade_type>
<transaction_id><![CDATA[1004400737201409030005093214]]></transaction_id>
</xml>


执行日期：2014-09-03-16：30：10
【支付成功】:
<xml><appid><![CDATA[wxf5b5e87a6a0fde94]]></appid>
<bank_type><![CDATA[CFT]]></bank_type>
<fee_type><![CDATA[CNY]]></fee_type>
<is_subscribe><![CDATA[N]]></is_subscribe>
<mch_id><![CDATA[10000097]]></mch_id>
<nonce_str><![CDATA[m92hzxx4qg371vdm95sv3i2zh7u9h242]]></nonce_str>
<openid><![CDATA[ozoKAt-MmA74zs7MBafCix6Dg8o0]]></openid>
<out_trade_no><![CDATA[wxf5b5e87a6a0fde941409732994]]></out_trade_no>
<result_code><![CDATA[SUCCESS]]></result_code>
<return_code><![CDATA[SUCCESS]]></return_code>
<sign><![CDATA[1B51E1AA31DB0AB64200E4F75752A610]]></sign>
<sub_mch_id><![CDATA[10000097]]></sub_mch_id>
<time_end><![CDATA[20140903163009]]></time_end>
<total_fee>1</total_fee>
<trade_type><![CDATA[NATIVE]]></trade_type>
<transaction_id><![CDATA[1004400737201409030005093214]]></transaction_id>
</xml>


执行日期：2014-11-28-14?M?S
【接收到的notify通知】:
<xml><appid><![CDATA[wx177bc3df9d18a485]]></appid>
<bank_type><![CDATA[CCB_DEBIT]]></bank_type>
<fee_type><![CDATA[CNY]]></fee_type>
<is_subscribe><![CDATA[Y]]></is_subscribe>
<mch_id><![CDATA[10035755]]></mch_id>
<nonce_str><![CDATA[lxb0w7z9g2ym0axcruf1tvs369g1iia4]]></nonce_str>
<openid><![CDATA[oBGaPjseAxF9iQ4vT_hAuD3ixTAU]]></openid>
<out_trade_no><![CDATA[wx177bc3df9d18a48513328]]></out_trade_no>
<result_code><![CDATA[SUCCESS]]></result_code>
<return_code><![CDATA[SUCCESS]]></return_code>
<sign><![CDATA[14F2579E8FA185BCF9DE55B669BBFFB4]]></sign>
<time_end><![CDATA[20141128141210]]></time_end>
<total_fee>1</total_fee>
<trade_type><![CDATA[JSAPI]]></trade_type>
<transaction_id><![CDATA[1009110555201411280006282659]]></transaction_id>
</xml>


执行日期：2014-11-28-14?M?S
【支付成功】:
<xml><appid><![CDATA[wx177bc3df9d18a485]]></appid>
<bank_type><![CDATA[CCB_DEBIT]]></bank_type>
<fee_type><![CDATA[CNY]]></fee_type>
<is_subscribe><![CDATA[Y]]></is_subscribe>
<mch_id><![CDATA[10035755]]></mch_id>
<nonce_str><![CDATA[lxb0w7z9g2ym0axcruf1tvs369g1iia4]]></nonce_str>
<openid><![CDATA[oBGaPjseAxF9iQ4vT_hAuD3ixTAU]]></openid>
<out_trade_no><![CDATA[wx177bc3df9d18a48513328]]></out_trade_no>
<result_code><![CDATA[SUCCESS]]></result_code>
<return_code><![CDATA[SUCCESS]]></return_code>
<sign><![CDATA[14F2579E8FA185BCF9DE55B669BBFFB4]]></sign>
<time_end><![CDATA[20141128141210]]></time_end>
<total_fee>1</total_fee>
<trade_type><![CDATA[JSAPI]]></trade_type>
<transaction_id><![CDATA[1009110555201411280006282659]]></transaction_id>
</xml>


执行日期：2014-11-28-14?M?S
【接收到的notify通知】:
<xml><appid><![CDATA[wx177bc3df9d18a485]]></appid>
<bank_type><![CDATA[CCB_DEBIT]]></bank_type>
<fee_type><![CDATA[CNY]]></fee_type>
<is_subscribe><![CDATA[Y]]></is_subscribe>
<mch_id><![CDATA[10035755]]></mch_id>
<nonce_str><![CDATA[2p9nozlzr6u9q02a2l9zz50wa9tind0l]]></nonce_str>
<openid><![CDATA[oBGaPjseAxF9iQ4vT_hAuD3ixTAU]]></openid>
<out_trade_no><![CDATA[wx177bc3df9d18a48513420]]></out_trade_no>
<result_code><![CDATA[SUCCESS]]></result_code>
<return_code><![CDATA[SUCCESS]]></return_code>
<sign><![CDATA[DF277F036F78ADA8EC227872FB6F4CBA]]></sign>
<time_end><![CDATA[20141128144236]]></time_end>
<total_fee>1</total_fee>
<trade_type><![CDATA[JSAPI]]></trade_type>
<transaction_id><![CDATA[1009110555201411280006283617]]></transaction_id>
</xml>


执行日期：2014-11-28-14?M?S
【支付成功】:
<xml><appid><![CDATA[wx177bc3df9d18a485]]></appid>
<bank_type><![CDATA[CCB_DEBIT]]></bank_type>
<fee_type><![CDATA[CNY]]></fee_type>
<is_subscribe><![CDATA[Y]]></is_subscribe>
<mch_id><![CDATA[10035755]]></mch_id>
<nonce_str><![CDATA[2p9nozlzr6u9q02a2l9zz50wa9tind0l]]></nonce_str>
<openid><![CDATA[oBGaPjseAxF9iQ4vT_hAuD3ixTAU]]></openid>
<out_trade_no><![CDATA[wx177bc3df9d18a48513420]]></out_trade_no>
<result_code><![CDATA[SUCCESS]]></result_code>
<return_code><![CDATA[SUCCESS]]></return_code>
<sign><![CDATA[DF277F036F78ADA8EC227872FB6F4CBA]]></sign>
<time_end><![CDATA[20141128144236]]></time_end>
<total_fee>1</total_fee>
<trade_type><![CDATA[JSAPI]]></trade_type>
<transaction_id><![CDATA[1009110555201411280006283617]]></transaction_id>
</xml>


执行日期：2014-11-28-14?M?S
【接收到的notify通知】:
<xml><appid><![CDATA[wx177bc3df9d18a485]]></appid>
<bank_type><![CDATA[CCB_DEBIT]]></bank_type>
<fee_type><![CDATA[CNY]]></fee_type>
<is_subscribe><![CDATA[Y]]></is_subscribe>
<mch_id><![CDATA[10035755]]></mch_id>
<nonce_str><![CDATA[s1uqo1sv84f3m84w1ioere0xu8wt32qa]]></nonce_str>
<openid><![CDATA[oBGaPjseAxF9iQ4vT_hAuD3ixTAU]]></openid>
<out_trade_no><![CDATA[wx177bc3df9d18a48513551]]></out_trade_no>
<result_code><![CDATA[SUCCESS]]></result_code>
<return_code><![CDATA[SUCCESS]]></return_code>
<sign><![CDATA[0F47C697DCEF29854FDE090561CCAA71]]></sign>
<time_end><![CDATA[20141128145326]]></time_end>
<total_fee>1</total_fee>
<trade_type><![CDATA[JSAPI]]></trade_type>
<transaction_id><![CDATA[1009110555201411280006283619]]></transaction_id>
</xml>


执行日期：2014-11-28-14?M?S
【支付成功】:
<xml><appid><![CDATA[wx177bc3df9d18a485]]></appid>
<bank_type><![CDATA[CCB_DEBIT]]></bank_type>
<fee_type><![CDATA[CNY]]></fee_type>
<is_subscribe><![CDATA[Y]]></is_subscribe>
<mch_id><![CDATA[10035755]]></mch_id>
<nonce_str><![CDATA[s1uqo1sv84f3m84w1ioere0xu8wt32qa]]></nonce_str>
<openid><![CDATA[oBGaPjseAxF9iQ4vT_hAuD3ixTAU]]></openid>
<out_trade_no><![CDATA[wx177bc3df9d18a48513551]]></out_trade_no>
<result_code><![CDATA[SUCCESS]]></result_code>
<return_code><![CDATA[SUCCESS]]></return_code>
<sign><![CDATA[0F47C697DCEF29854FDE090561CCAA71]]></sign>
<time_end><![CDATA[20141128145326]]></time_end>
<total_fee>1</total_fee>
<trade_type><![CDATA[JSAPI]]></trade_type>
<transaction_id><![CDATA[1009110555201411280006283619]]></transaction_id>
</xml>


执行日期：2014-11-28-16?M?S
【接收到的notify通知】:
<xml><appid><![CDATA[wx177bc3df9d18a485]]></appid>
<bank_type><![CDATA[CCB_DEBIT]]></bank_type>
<fee_type><![CDATA[CNY]]></fee_type>
<is_subscribe><![CDATA[Y]]></is_subscribe>
<mch_id><![CDATA[10035755]]></mch_id>
<nonce_str><![CDATA[ptmc61v0rpesjuxc2x10kp5tz4ooass0]]></nonce_str>
<openid><![CDATA[oBGaPjseAxF9iQ4vT_hAuD3ixTAU]]></openid>
<out_trade_no><![CDATA[wx177bc3df9d18a485144]]></out_trade_no>
<result_code><![CDATA[SUCCESS]]></result_code>
<return_code><![CDATA[SUCCESS]]></return_code>
<sign><![CDATA[1FBA9B94E9DBEF3839BDFE8C4EAC0459]]></sign>
<time_end><![CDATA[20141128163406]]></time_end>
<total_fee>10</total_fee>
<trade_type><![CDATA[JSAPI]]></trade_type>
<transaction_id><![CDATA[1009110555201411280006283657]]></transaction_id>
</xml>


执行日期：2014-11-28-16?M?S
【支付成功】:
<xml><appid><![CDATA[wx177bc3df9d18a485]]></appid>
<bank_type><![CDATA[CCB_DEBIT]]></bank_type>
<fee_type><![CDATA[CNY]]></fee_type>
<is_subscribe><![CDATA[Y]]></is_subscribe>
<mch_id><![CDATA[10035755]]></mch_id>
<nonce_str><![CDATA[ptmc61v0rpesjuxc2x10kp5tz4ooass0]]></nonce_str>
<openid><![CDATA[oBGaPjseAxF9iQ4vT_hAuD3ixTAU]]></openid>
<out_trade_no><![CDATA[wx177bc3df9d18a485144]]></out_trade_no>
<result_code><![CDATA[SUCCESS]]></result_code>
<return_code><![CDATA[SUCCESS]]></return_code>
<sign><![CDATA[1FBA9B94E9DBEF3839BDFE8C4EAC0459]]></sign>
<time_end><![CDATA[20141128163406]]></time_end>
<total_fee>10</total_fee>
<trade_type><![CDATA[JSAPI]]></trade_type>
<transaction_id><![CDATA[1009110555201411280006283657]]></transaction_id>
</xml>


执行日期：2014-11-28-16?M?S
【接收到的notify通知】:
<xml><appid><![CDATA[wx177bc3df9d18a485]]></appid>
<bank_type><![CDATA[CCB_DEBIT]]></bank_type>
<fee_type><![CDATA[CNY]]></fee_type>
<is_subscribe><![CDATA[Y]]></is_subscribe>
<mch_id><![CDATA[10035755]]></mch_id>
<nonce_str><![CDATA[u3ghuwm1lgp3s0hdlwxh6jhqksa5t4zd]]></nonce_str>
<openid><![CDATA[oBGaPjseAxF9iQ4vT_hAuD3ixTAU]]></openid>
<out_trade_no><![CDATA[wx177bc3df9d18a485145]]></out_trade_no>
<result_code><![CDATA[SUCCESS]]></result_code>
<return_code><![CDATA[SUCCESS]]></return_code>
<sign><![CDATA[5690B9348222AC7DA28DE1FD5E3A9966]]></sign>
<time_end><![CDATA[20141128164147]]></time_end>
<total_fee>10</total_fee>
<trade_type><![CDATA[JSAPI]]></trade_type>
<transaction_id><![CDATA[1009110555201411280006281922]]></transaction_id>
</xml>


执行日期：2014-11-28-16?M?S
【支付成功】:
<xml><appid><![CDATA[wx177bc3df9d18a485]]></appid>
<bank_type><![CDATA[CCB_DEBIT]]></bank_type>
<fee_type><![CDATA[CNY]]></fee_type>
<is_subscribe><![CDATA[Y]]></is_subscribe>
<mch_id><![CDATA[10035755]]></mch_id>
<nonce_str><![CDATA[u3ghuwm1lgp3s0hdlwxh6jhqksa5t4zd]]></nonce_str>
<openid><![CDATA[oBGaPjseAxF9iQ4vT_hAuD3ixTAU]]></openid>
<out_trade_no><![CDATA[wx177bc3df9d18a485145]]></out_trade_no>
<result_code><![CDATA[SUCCESS]]></result_code>
<return_code><![CDATA[SUCCESS]]></return_code>
<sign><![CDATA[5690B9348222AC7DA28DE1FD5E3A9966]]></sign>
<time_end><![CDATA[20141128164147]]></time_end>
<total_fee>10</total_fee>
<trade_type><![CDATA[JSAPI]]></trade_type>
<transaction_id><![CDATA[1009110555201411280006281922]]></transaction_id>
</xml>


执行日期：2014-11-28-16?M?S
【接收到的notify通知】:
<xml><appid><![CDATA[wx177bc3df9d18a485]]></appid>
<bank_type><![CDATA[CCB_DEBIT]]></bank_type>
<fee_type><![CDATA[CNY]]></fee_type>
<is_subscribe><![CDATA[Y]]></is_subscribe>
<mch_id><![CDATA[10035755]]></mch_id>
<nonce_str><![CDATA[lcua13kqksarfe3jkwxzunykgfc4wz0a]]></nonce_str>
<openid><![CDATA[oBGaPjseAxF9iQ4vT_hAuD3ixTAU]]></openid>
<out_trade_no><![CDATA[wx177bc3df9d18a485146]]></out_trade_no>
<result_code><![CDATA[SUCCESS]]></result_code>
<return_code><![CDATA[SUCCESS]]></return_code>
<sign><![CDATA[8BF170725D603F1D75E8D1810F7F8137]]></sign>
<time_end><![CDATA[20141128164841]]></time_end>
<total_fee>10</total_fee>
<trade_type><![CDATA[JSAPI]]></trade_type>
<transaction_id><![CDATA[1009110555201411280006283477]]></transaction_id>
</xml>


执行日期：2014-11-28-16?M?S
【支付成功】:
<xml><appid><![CDATA[wx177bc3df9d18a485]]></appid>
<bank_type><![CDATA[CCB_DEBIT]]></bank_type>
<fee_type><![CDATA[CNY]]></fee_type>
<is_subscribe><![CDATA[Y]]></is_subscribe>
<mch_id><![CDATA[10035755]]></mch_id>
<nonce_str><![CDATA[lcua13kqksarfe3jkwxzunykgfc4wz0a]]></nonce_str>
<openid><![CDATA[oBGaPjseAxF9iQ4vT_hAuD3ixTAU]]></openid>
<out_trade_no><![CDATA[wx177bc3df9d18a485146]]></out_trade_no>
<result_code><![CDATA[SUCCESS]]></result_code>
<return_code><![CDATA[SUCCESS]]></return_code>
<sign><![CDATA[8BF170725D603F1D75E8D1810F7F8137]]></sign>
<time_end><![CDATA[20141128164841]]></time_end>
<total_fee>10</total_fee>
<trade_type><![CDATA[JSAPI]]></trade_type>
<transaction_id><![CDATA[1009110555201411280006283477]]></transaction_id>
</xml>


执行日期：2014-11-28-17?M?S
【接收到的notify通知】:
<xml><appid><![CDATA[wx177bc3df9d18a485]]></appid>
<bank_type><![CDATA[CCB_DEBIT]]></bank_type>
<fee_type><![CDATA[CNY]]></fee_type>
<is_subscribe><![CDATA[Y]]></is_subscribe>
<mch_id><![CDATA[10035755]]></mch_id>
<nonce_str><![CDATA[gvco4gp62q7f8afeljsxmkho7wh2bn3n]]></nonce_str>
<openid><![CDATA[oBGaPjseAxF9iQ4vT_hAuD3ixTAU]]></openid>
<out_trade_no><![CDATA[wx177bc3df9d18a485147]]></out_trade_no>
<result_code><![CDATA[SUCCESS]]></result_code>
<return_code><![CDATA[SUCCESS]]></return_code>
<sign><![CDATA[ED086127261E4AA99EFC2F60C35AAEC3]]></sign>
<time_end><![CDATA[20141128170843]]></time_end>
<total_fee>10</total_fee>
<trade_type><![CDATA[JSAPI]]></trade_type>
<transaction_id><![CDATA[1009110555201411280006282502]]></transaction_id>
</xml>


执行日期：2014-11-28-17?M?S
【支付成功】:
<xml><appid><![CDATA[wx177bc3df9d18a485]]></appid>
<bank_type><![CDATA[CCB_DEBIT]]></bank_type>
<fee_type><![CDATA[CNY]]></fee_type>
<is_subscribe><![CDATA[Y]]></is_subscribe>
<mch_id><![CDATA[10035755]]></mch_id>
<nonce_str><![CDATA[gvco4gp62q7f8afeljsxmkho7wh2bn3n]]></nonce_str>
<openid><![CDATA[oBGaPjseAxF9iQ4vT_hAuD3ixTAU]]></openid>
<out_trade_no><![CDATA[wx177bc3df9d18a485147]]></out_trade_no>
<result_code><![CDATA[SUCCESS]]></result_code>
<return_code><![CDATA[SUCCESS]]></return_code>
<sign><![CDATA[ED086127261E4AA99EFC2F60C35AAEC3]]></sign>
<time_end><![CDATA[20141128170843]]></time_end>
<total_fee>10</total_fee>
<trade_type><![CDATA[JSAPI]]></trade_type>
<transaction_id><![CDATA[1009110555201411280006282502]]></transaction_id>
</xml>


执行日期：2014-11-28-17?M?S
【接收到的notify通知】:
<xml><appid><![CDATA[wx177bc3df9d18a485]]></appid>
<bank_type><![CDATA[CCB_DEBIT]]></bank_type>
<fee_type><![CDATA[CNY]]></fee_type>
<is_subscribe><![CDATA[Y]]></is_subscribe>
<mch_id><![CDATA[10035755]]></mch_id>
<nonce_str><![CDATA[ohxvczjr07y4ev5pplplju4s7ub24c01]]></nonce_str>
<openid><![CDATA[oBGaPjseAxF9iQ4vT_hAuD3ixTAU]]></openid>
<out_trade_no><![CDATA[wx177bc3df9d18a485148]]></out_trade_no>
<result_code><![CDATA[SUCCESS]]></result_code>
<return_code><![CDATA[SUCCESS]]></return_code>
<sign><![CDATA[5DA2A8B9CEC7282E5A793ABDD735B184]]></sign>
<time_end><![CDATA[20141128171432]]></time_end>
<total_fee>10</total_fee>
<trade_type><![CDATA[JSAPI]]></trade_type>
<transaction_id><![CDATA[1009110555201411280006282504]]></transaction_id>
</xml>


执行日期：2014-11-28-17?M?S
【支付成功】:
<xml><appid><![CDATA[wx177bc3df9d18a485]]></appid>
<bank_type><![CDATA[CCB_DEBIT]]></bank_type>
<fee_type><![CDATA[CNY]]></fee_type>
<is_subscribe><![CDATA[Y]]></is_subscribe>
<mch_id><![CDATA[10035755]]></mch_id>
<nonce_str><![CDATA[ohxvczjr07y4ev5pplplju4s7ub24c01]]></nonce_str>
<openid><![CDATA[oBGaPjseAxF9iQ4vT_hAuD3ixTAU]]></openid>
<out_trade_no><![CDATA[wx177bc3df9d18a485148]]></out_trade_no>
<result_code><![CDATA[SUCCESS]]></result_code>
<return_code><![CDATA[SUCCESS]]></return_code>
<sign><![CDATA[5DA2A8B9CEC7282E5A793ABDD735B184]]></sign>
<time_end><![CDATA[20141128171432]]></time_end>
<total_fee>10</total_fee>
<trade_type><![CDATA[JSAPI]]></trade_type>
<transaction_id><![CDATA[1009110555201411280006282504]]></transaction_id>
</xml>


执行日期：2014-11-28-17?M?S
【接收到的notify通知】:
<xml><appid><![CDATA[wx177bc3df9d18a485]]></appid>
<bank_type><![CDATA[CCB_DEBIT]]></bank_type>
<fee_type><![CDATA[CNY]]></fee_type>
<is_subscribe><![CDATA[Y]]></is_subscribe>
<mch_id><![CDATA[10035755]]></mch_id>
<nonce_str><![CDATA[1benig6r8babxkjlsue0fnr38jjzibf8]]></nonce_str>
<openid><![CDATA[oBGaPjseAxF9iQ4vT_hAuD3ixTAU]]></openid>
<out_trade_no><![CDATA[wx177bc3df9d18a485149]]></out_trade_no>
<result_code><![CDATA[SUCCESS]]></result_code>
<return_code><![CDATA[SUCCESS]]></return_code>
<sign><![CDATA[2C1B8E0933D7F038F06EF5849631A25F]]></sign>
<time_end><![CDATA[20141128171714]]></time_end>
<total_fee>10</total_fee>
<trade_type><![CDATA[JSAPI]]></trade_type>
<transaction_id><![CDATA[1009110555201411280006283679]]></transaction_id>
</xml>


执行日期：2014-11-28-17?M?S
【支付成功】:
<xml><appid><![CDATA[wx177bc3df9d18a485]]></appid>
<bank_type><![CDATA[CCB_DEBIT]]></bank_type>
<fee_type><![CDATA[CNY]]></fee_type>
<is_subscribe><![CDATA[Y]]></is_subscribe>
<mch_id><![CDATA[10035755]]></mch_id>
<nonce_str><![CDATA[1benig6r8babxkjlsue0fnr38jjzibf8]]></nonce_str>
<openid><![CDATA[oBGaPjseAxF9iQ4vT_hAuD3ixTAU]]></openid>
<out_trade_no><![CDATA[wx177bc3df9d18a485149]]></out_trade_no>
<result_code><![CDATA[SUCCESS]]></result_code>
<return_code><![CDATA[SUCCESS]]></return_code>
<sign><![CDATA[2C1B8E0933D7F038F06EF5849631A25F]]></sign>
<time_end><![CDATA[20141128171714]]></time_end>
<total_fee>10</total_fee>
<trade_type><![CDATA[JSAPI]]></trade_type>
<transaction_id><![CDATA[1009110555201411280006283679]]></transaction_id>
</xml>


执行日期：2014-11-28-17?M?S
【接收到的notify通知】:
<xml><appid><![CDATA[wx177bc3df9d18a485]]></appid>
<bank_type><![CDATA[CCB_DEBIT]]></bank_type>
<fee_type><![CDATA[CNY]]></fee_type>
<is_subscribe><![CDATA[Y]]></is_subscribe>
<mch_id><![CDATA[10035755]]></mch_id>
<nonce_str><![CDATA[4q87ypdhk30ydzvmp1ucwprxwyfkq1bi]]></nonce_str>
<openid><![CDATA[oBGaPjseAxF9iQ4vT_hAuD3ixTAU]]></openid>
<out_trade_no><![CDATA[wx177bc3df9d18a485150]]></out_trade_no>
<result_code><![CDATA[SUCCESS]]></result_code>
<return_code><![CDATA[SUCCESS]]></return_code>
<sign><![CDATA[3F29A1A57661E447E100E1B840828C4C]]></sign>
<time_end><![CDATA[20141128171846]]></time_end>
<total_fee>10</total_fee>
<trade_type><![CDATA[JSAPI]]></trade_type>
<transaction_id><![CDATA[1009110555201411280006282508]]></transaction_id>
</xml>


执行日期：2014-11-28-17?M?S
【支付成功】:
<xml><appid><![CDATA[wx177bc3df9d18a485]]></appid>
<bank_type><![CDATA[CCB_DEBIT]]></bank_type>
<fee_type><![CDATA[CNY]]></fee_type>
<is_subscribe><![CDATA[Y]]></is_subscribe>
<mch_id><![CDATA[10035755]]></mch_id>
<nonce_str><![CDATA[4q87ypdhk30ydzvmp1ucwprxwyfkq1bi]]></nonce_str>
<openid><![CDATA[oBGaPjseAxF9iQ4vT_hAuD3ixTAU]]></openid>
<out_trade_no><![CDATA[wx177bc3df9d18a485150]]></out_trade_no>
<result_code><![CDATA[SUCCESS]]></result_code>
<return_code><![CDATA[SUCCESS]]></return_code>
<sign><![CDATA[3F29A1A57661E447E100E1B840828C4C]]></sign>
<time_end><![CDATA[20141128171846]]></time_end>
<total_fee>10</total_fee>
<trade_type><![CDATA[JSAPI]]></trade_type>
<transaction_id><![CDATA[1009110555201411280006282508]]></transaction_id>
</xml>


执行日期：2014-11-28-17?M?S
【接收到的notify通知】:
<xml><appid><![CDATA[wx177bc3df9d18a485]]></appid>
<bank_type><![CDATA[CCB_DEBIT]]></bank_type>
<fee_type><![CDATA[CNY]]></fee_type>
<is_subscribe><![CDATA[Y]]></is_subscribe>
<mch_id><![CDATA[10035755]]></mch_id>
<nonce_str><![CDATA[kihzxdjo8shoi03pl6bolh4v4mcngnns]]></nonce_str>
<openid><![CDATA[oBGaPjseAxF9iQ4vT_hAuD3ixTAU]]></openid>
<out_trade_no><![CDATA[wx177bc3df9d18a485151]]></out_trade_no>
<result_code><![CDATA[SUCCESS]]></result_code>
<return_code><![CDATA[SUCCESS]]></return_code>
<sign><![CDATA[5C3C84634A28E5EE6B3044F06414D86C]]></sign>
<time_end><![CDATA[20141128172234]]></time_end>
<total_fee>10</total_fee>
<trade_type><![CDATA[JSAPI]]></trade_type>
<transaction_id><![CDATA[1009110555201411280006283490]]></transaction_id>
</xml>


执行日期：2014-11-28-17?M?S
【支付成功】:
<xml><appid><![CDATA[wx177bc3df9d18a485]]></appid>
<bank_type><![CDATA[CCB_DEBIT]]></bank_type>
<fee_type><![CDATA[CNY]]></fee_type>
<is_subscribe><![CDATA[Y]]></is_subscribe>
<mch_id><![CDATA[10035755]]></mch_id>
<nonce_str><![CDATA[kihzxdjo8shoi03pl6bolh4v4mcngnns]]></nonce_str>
<openid><![CDATA[oBGaPjseAxF9iQ4vT_hAuD3ixTAU]]></openid>
<out_trade_no><![CDATA[wx177bc3df9d18a485151]]></out_trade_no>
<result_code><![CDATA[SUCCESS]]></result_code>
<return_code><![CDATA[SUCCESS]]></return_code>
<sign><![CDATA[5C3C84634A28E5EE6B3044F06414D86C]]></sign>
<time_end><![CDATA[20141128172234]]></time_end>
<total_fee>10</total_fee>
<trade_type><![CDATA[JSAPI]]></trade_type>
<transaction_id><![CDATA[1009110555201411280006283490]]></transaction_id>
</xml>


执行日期：2014-11-28-17?M?S
【接收到的notify通知】:
<xml><appid><![CDATA[wx177bc3df9d18a485]]></appid>
<bank_type><![CDATA[CCB_DEBIT]]></bank_type>
<fee_type><![CDATA[CNY]]></fee_type>
<is_subscribe><![CDATA[Y]]></is_subscribe>
<mch_id><![CDATA[10035755]]></mch_id>
<nonce_str><![CDATA[02meqphw3yc35ja8ece5dsjrdxypzzqf]]></nonce_str>
<openid><![CDATA[oBGaPjseAxF9iQ4vT_hAuD3ixTAU]]></openid>
<out_trade_no><![CDATA[wx177bc3df9d18a485152]]></out_trade_no>
<result_code><![CDATA[SUCCESS]]></result_code>
<return_code><![CDATA[SUCCESS]]></return_code>
<sign><![CDATA[F4E7ABC80EC5558E77FCFA77C839C5D0]]></sign>
<time_end><![CDATA[20141128172952]]></time_end>
<total_fee>10</total_fee>
<trade_type><![CDATA[JSAPI]]></trade_type>
<transaction_id><![CDATA[1009110555201411280006282331]]></transaction_id>
</xml>


执行日期：2014-11-28-17?M?S
【支付成功】:
<xml><appid><![CDATA[wx177bc3df9d18a485]]></appid>
<bank_type><![CDATA[CCB_DEBIT]]></bank_type>
<fee_type><![CDATA[CNY]]></fee_type>
<is_subscribe><![CDATA[Y]]></is_subscribe>
<mch_id><![CDATA[10035755]]></mch_id>
<nonce_str><![CDATA[02meqphw3yc35ja8ece5dsjrdxypzzqf]]></nonce_str>
<openid><![CDATA[oBGaPjseAxF9iQ4vT_hAuD3ixTAU]]></openid>
<out_trade_no><![CDATA[wx177bc3df9d18a485152]]></out_trade_no>
<result_code><![CDATA[SUCCESS]]></result_code>
<return_code><![CDATA[SUCCESS]]></return_code>
<sign><![CDATA[F4E7ABC80EC5558E77FCFA77C839C5D0]]></sign>
<time_end><![CDATA[20141128172952]]></time_end>
<total_fee>10</total_fee>
<trade_type><![CDATA[JSAPI]]></trade_type>
<transaction_id><![CDATA[1009110555201411280006282331]]></transaction_id>
</xml>


